TimeQuest Timing Analyzer report for Lab7
Sun Oct 18 14:18:23 2020
Quartus II 64-Bit Version 13.0.1 Build 232 06/12/2013 Service Pack 1 SJ Web Edition


---------------------
; Table of Contents ;
---------------------
  1. Legal Notice
  2. TimeQuest Timing Analyzer Summary
  3. Parallel Compilation
  4. Clocks
  5. Slow Model Fmax Summary
  6. Slow Model Setup Summary
  7. Slow Model Hold Summary
  8. Slow Model Recovery Summary
  9. Slow Model Removal Summary
 10. Slow Model Minimum Pulse Width Summary
 11. Propagation Delay
 12. Minimum Propagation Delay
 13. Fast Model Setup Summary
 14. Fast Model Hold Summary
 15. Fast Model Recovery Summary
 16. Fast Model Removal Summary
 17. Fast Model Minimum Pulse Width Summary
 18. Propagation Delay
 19. Minimum Propagation Delay
 20. Multicorner Timing Analysis Summary
 21. Progagation Delay
 22. Minimum Progagation Delay
 23. Clock Transfers
 24. Report TCCS
 25. Report RSKM
 26. Unconstrained Paths
 27. TimeQuest Timing Analyzer Messages



----------------
; Legal Notice ;
----------------
Copyright (C) 1991-2013 Altera Corporation
Your use of Altera Corporation's design tools, logic functions 
and other software and tools, and its AMPP partner logic 
functions, and any output files from any of the foregoing 
(including device programming or simulation files), and any 
associated documentation or information are expressly subject 
to the terms and conditions of the Altera Program License 
Subscription Agreement, Altera MegaCore Function License 
Agreement, or other applicable license agreement, including, 
without limitation, that your use is for the sole purpose of 
programming logic devices manufactured by Altera and sold by 
Altera or its authorized distributors.  Please refer to the 
applicable agreement for further details.



+----------------------------------------------------------------------------------------+
; TimeQuest Timing Analyzer Summary                                                      ;
+--------------------+-------------------------------------------------------------------+
; Quartus II Version ; Version 13.0.1 Build 232 06/12/2013 Service Pack 1 SJ Web Edition ;
; Revision Name      ; Lab7                                                              ;
; Device Family      ; Cyclone II                                                        ;
; Device Name        ; EP2C20F484C7                                                      ;
; Timing Models      ; Final                                                             ;
; Delay Model        ; Combined                                                          ;
; Rise/Fall Delays   ; Unavailable                                                       ;
+--------------------+-------------------------------------------------------------------+


Parallel compilation was disabled, but you have multiple processors available. Enable parallel compilation to reduce compilation time.
+-------------------------------------+
; Parallel Compilation                ;
+----------------------------+--------+
; Processors                 ; Number ;
+----------------------------+--------+
; Number detected on machine ; 12     ;
; Maximum allowed            ; 1      ;
+----------------------------+--------+


----------
; Clocks ;
----------
No clocks to report.


---------------------------
; Slow Model Fmax Summary ;
---------------------------
No paths to report.


----------------------------
; Slow Model Setup Summary ;
----------------------------
No paths to report.


---------------------------
; Slow Model Hold Summary ;
---------------------------
No paths to report.


-------------------------------
; Slow Model Recovery Summary ;
-------------------------------
No paths to report.


------------------------------
; Slow Model Removal Summary ;
------------------------------
No paths to report.


------------------------------------------
; Slow Model Minimum Pulse Width Summary ;
------------------------------------------
No paths to report.


+--------------------------------------------------------------+
; Propagation Delay                                            ;
+------------+-------------+--------+--------+--------+--------+
; Input Port ; Output Port ; RR     ; RF     ; FR     ; FF     ;
+------------+-------------+--------+--------+--------+--------+
; A0         ; A0out       ; 6.400  ;        ;        ; 6.400  ;
; A0         ; Cout        ; 8.825  ;        ;        ; 8.825  ;
; A0         ; OVR         ; 8.832  ; 8.832  ; 8.832  ; 8.832  ;
; A0         ; R0          ; 6.380  ; 6.380  ; 6.380  ; 6.380  ;
; A0         ; R1          ; 7.443  ; 7.443  ; 7.443  ; 7.443  ;
; A0         ; R2          ; 8.318  ; 8.318  ; 8.318  ; 8.318  ;
; A0         ; R3          ; 10.983 ; 10.983 ; 10.983 ; 10.983 ;
; A0         ; hex0        ; 13.755 ; 13.755 ; 13.755 ; 13.755 ;
; A0         ; hex1        ; 13.877 ; 13.877 ; 13.877 ; 13.877 ;
; A0         ; hex2        ; 13.562 ; 13.562 ; 13.562 ; 13.562 ;
; A0         ; hex3        ; 13.447 ; 13.447 ; 13.447 ; 13.447 ;
; A0         ; hex4        ; 13.690 ; 13.690 ; 13.690 ; 13.690 ;
; A0         ; hex5        ; 13.916 ; 13.916 ; 13.916 ; 13.916 ;
; A0         ; hex6        ; 13.916 ; 13.916 ; 13.916 ; 13.916 ;
; A0         ; hex13       ; 12.711 ; 12.711 ; 12.711 ; 12.711 ;
; A1         ; A1out       ; 6.051  ;        ;        ; 6.051  ;
; A1         ; Cout        ; 8.533  ;        ;        ; 8.533  ;
; A1         ; OVR         ; 8.540  ; 8.540  ; 8.540  ; 8.540  ;
; A1         ; R1          ; 6.681  ; 6.681  ; 6.681  ; 6.681  ;
; A1         ; R2          ; 8.026  ; 8.026  ; 8.026  ; 8.026  ;
; A1         ; R3          ; 10.691 ; 10.691 ; 10.691 ; 10.691 ;
; A1         ; hex0        ; 13.463 ; 13.463 ; 13.463 ; 13.463 ;
; A1         ; hex1        ; 13.585 ; 13.585 ; 13.585 ; 13.585 ;
; A1         ; hex2        ; 13.270 ; 13.270 ; 13.270 ; 13.270 ;
; A1         ; hex3        ; 12.685 ; 12.685 ; 12.685 ; 12.685 ;
; A1         ; hex4        ; 12.928 ; 12.928 ; 12.928 ; 12.928 ;
; A1         ; hex5        ; 13.624 ; 13.624 ; 13.624 ; 13.624 ;
; A1         ; hex6        ; 13.624 ; 13.624 ; 13.624 ; 13.624 ;
; A1         ; hex13       ; 12.419 ; 12.419 ; 12.419 ; 12.419 ;
; A2         ; A2out       ; 5.422  ;        ;        ; 5.422  ;
; A2         ; Cout        ; 7.379  ;        ;        ; 7.379  ;
; A2         ; OVR         ; 7.386  ; 7.386  ; 7.386  ; 7.386  ;
; A2         ; R2          ; 6.385  ; 6.385  ; 6.385  ; 6.385  ;
; A2         ; R3          ; 9.537  ; 9.537  ; 9.537  ; 9.537  ;
; A2         ; hex0        ; 12.309 ; 12.309 ; 12.309 ; 12.309 ;
; A2         ; hex1        ; 12.431 ; 12.431 ; 12.431 ; 12.431 ;
; A2         ; hex2        ; 12.116 ; 12.116 ; 12.116 ; 12.116 ;
; A2         ; hex3        ; 10.957 ; 10.957 ; 10.957 ; 10.957 ;
; A2         ; hex4        ; 11.191 ; 11.191 ; 11.191 ; 11.191 ;
; A2         ; hex5        ; 12.470 ; 12.470 ; 12.470 ; 12.470 ;
; A2         ; hex6        ; 12.470 ; 12.470 ; 12.470 ; 12.470 ;
; A2         ; hex13       ; 11.265 ; 11.265 ; 11.265 ; 11.265 ;
; A3         ; A3out       ; 6.688  ;        ;        ; 6.688  ;
; A3         ; Cout        ; 7.936  ;        ;        ; 7.936  ;
; A3         ; OVR         ; 7.941  ; 7.941  ; 7.941  ; 7.941  ;
; A3         ; R3          ; 10.562 ; 10.562 ; 10.562 ; 10.562 ;
; A3         ; hex0        ; 13.334 ; 13.334 ; 13.334 ; 13.334 ;
; A3         ; hex1        ; 13.456 ; 13.456 ; 13.456 ; 13.456 ;
; A3         ; hex2        ; 13.141 ; 13.141 ; 13.141 ; 13.141 ;
; A3         ; hex5        ; 13.495 ; 13.495 ; 13.495 ; 13.495 ;
; A3         ; hex6        ; 13.495 ; 13.495 ; 13.495 ; 13.495 ;
; A3         ; hex13       ; 12.290 ; 12.290 ; 12.290 ; 12.290 ;
; B0         ; B0out       ; 4.644  ;        ;        ; 4.644  ;
; B0         ; Cout        ; 8.360  ; 8.360  ; 8.360  ; 8.360  ;
; B0         ; OVR         ; 8.367  ; 8.367  ; 8.367  ; 8.367  ;
; B0         ; R0          ; 5.916  ; 5.916  ; 5.916  ; 5.916  ;
; B0         ; R1          ; 6.978  ; 6.978  ; 6.978  ; 6.978  ;
; B0         ; R2          ; 7.853  ; 7.853  ; 7.853  ; 7.853  ;
; B0         ; R3          ; 10.518 ; 10.518 ; 10.518 ; 10.518 ;
; B0         ; hex0        ; 13.290 ; 13.290 ; 13.290 ; 13.290 ;
; B0         ; hex1        ; 13.412 ; 13.412 ; 13.412 ; 13.412 ;
; B0         ; hex2        ; 13.097 ; 13.097 ; 13.097 ; 13.097 ;
; B0         ; hex3        ; 12.982 ; 12.982 ; 12.982 ; 12.982 ;
; B0         ; hex4        ; 13.225 ; 13.225 ; 13.225 ; 13.225 ;
; B0         ; hex5        ; 13.451 ; 13.451 ; 13.451 ; 13.451 ;
; B0         ; hex6        ; 13.451 ; 13.451 ; 13.451 ; 13.451 ;
; B0         ; hex13       ; 12.246 ; 12.246 ; 12.246 ; 12.246 ;
; B1         ; B1out       ; 4.979  ;        ;        ; 4.979  ;
; B1         ; Cout        ; 7.577  ; 7.577  ; 7.577  ; 7.577  ;
; B1         ; OVR         ; 7.584  ; 7.584  ; 7.584  ; 7.584  ;
; B1         ; R1          ; 6.190  ; 6.190  ; 6.190  ; 6.190  ;
; B1         ; R2          ; 7.070  ; 7.070  ; 7.070  ; 7.070  ;
; B1         ; R3          ; 9.735  ; 9.735  ; 9.735  ; 9.735  ;
; B1         ; hex0        ; 12.507 ; 12.507 ; 12.507 ; 12.507 ;
; B1         ; hex1        ; 12.629 ; 12.629 ; 12.629 ; 12.629 ;
; B1         ; hex2        ; 12.314 ; 12.314 ; 12.314 ; 12.314 ;
; B1         ; hex3        ; 12.194 ; 12.194 ; 12.194 ; 12.194 ;
; B1         ; hex4        ; 12.437 ; 12.437 ; 12.437 ; 12.437 ;
; B1         ; hex5        ; 12.668 ; 12.668 ; 12.668 ; 12.668 ;
; B1         ; hex6        ; 12.668 ; 12.668 ; 12.668 ; 12.668 ;
; B1         ; hex13       ; 11.463 ; 11.463 ; 11.463 ; 11.463 ;
; B2         ; B2out       ; 5.395  ;        ;        ; 5.395  ;
; B2         ; Cout        ; 6.758  ; 6.758  ; 6.758  ; 6.758  ;
; B2         ; OVR         ; 6.765  ; 6.765  ; 6.765  ; 6.765  ;
; B2         ; R2          ; 6.251  ; 6.251  ; 6.251  ; 6.251  ;
; B2         ; R3          ; 8.916  ; 8.916  ; 8.916  ; 8.916  ;
; B2         ; hex0        ; 11.688 ; 11.688 ; 11.688 ; 11.688 ;
; B2         ; hex1        ; 11.810 ; 11.810 ; 11.810 ; 11.810 ;
; B2         ; hex2        ; 11.495 ; 11.495 ; 11.495 ; 11.495 ;
; B2         ; hex3        ; 10.823 ; 10.823 ; 10.823 ; 10.823 ;
; B2         ; hex4        ; 11.057 ; 11.057 ; 11.057 ; 11.057 ;
; B2         ; hex5        ; 11.849 ; 11.849 ; 11.849 ; 11.849 ;
; B2         ; hex6        ; 11.849 ; 11.849 ; 11.849 ; 11.849 ;
; B2         ; hex13       ; 10.644 ; 10.644 ; 10.644 ; 10.644 ;
; B3         ; B3out       ; 6.101  ;        ;        ; 6.101  ;
; B3         ; Cout        ; 6.966  ; 6.966  ; 6.966  ; 6.966  ;
; B3         ; OVR         ; 6.976  ; 6.976  ; 6.976  ; 6.976  ;
; B3         ; R3          ; 9.398  ; 9.398  ; 9.398  ; 9.398  ;
; B3         ; hex0        ; 12.170 ; 12.170 ; 12.170 ; 12.170 ;
; B3         ; hex1        ; 12.292 ; 12.292 ; 12.292 ; 12.292 ;
; B3         ; hex2        ; 11.977 ; 11.977 ; 11.977 ; 11.977 ;
; B3         ; hex5        ; 12.331 ; 12.331 ; 12.331 ; 12.331 ;
; B3         ; hex6        ; 12.331 ; 12.331 ; 12.331 ; 12.331 ;
; B3         ; hex13       ; 11.126 ; 11.126 ; 11.126 ; 11.126 ;
; S0         ; Cout        ; 9.991  ; 9.248  ; 9.248  ; 9.991  ;
; S0         ; OVR         ; 9.998  ; 9.998  ; 9.998  ; 9.998  ;
; S0         ; R0          ; 7.557  ; 7.557  ; 7.557  ; 7.557  ;
; S0         ; R1          ; 8.609  ; 8.609  ; 8.609  ; 8.609  ;
; S0         ; R2          ; 9.484  ; 9.484  ; 9.484  ; 9.484  ;
; S0         ; R3          ; 12.149 ; 12.149 ; 12.149 ; 12.149 ;
; S0         ; S0out       ; 6.890  ;        ;        ; 6.890  ;
; S0         ; hex0        ; 14.921 ; 14.921 ; 14.921 ; 14.921 ;
; S0         ; hex1        ; 15.043 ; 15.043 ; 15.043 ; 15.043 ;
; S0         ; hex2        ; 14.728 ; 14.728 ; 14.728 ; 14.728 ;
; S0         ; hex3        ; 14.613 ; 14.613 ; 14.613 ; 14.613 ;
; S0         ; hex4        ; 14.856 ; 14.856 ; 14.856 ; 14.856 ;
; S0         ; hex5        ; 15.082 ; 15.082 ; 15.082 ; 15.082 ;
; S0         ; hex6        ; 15.082 ; 15.082 ; 15.082 ; 15.082 ;
; S0         ; hex13       ; 13.877 ; 13.877 ; 13.877 ; 13.877 ;
; S1         ; R0          ; 7.489  ; 7.489  ; 7.489  ; 7.489  ;
; S1         ; R1          ; 7.882  ; 7.882  ; 7.882  ; 7.882  ;
; S1         ; R2          ; 8.094  ; 8.094  ; 8.094  ; 8.094  ;
; S1         ; R3          ; 10.466 ; 10.466 ; 10.466 ; 10.466 ;
; S1         ; S1out       ; 6.376  ;        ;        ; 6.376  ;
; S1         ; hex0        ; 14.048 ; 14.048 ; 14.048 ; 14.048 ;
; S1         ; hex1        ; 14.205 ; 14.205 ; 14.205 ; 14.205 ;
; S1         ; hex2        ; 13.884 ; 13.884 ; 13.884 ; 13.884 ;
; S1         ; hex3        ; 13.886 ; 13.886 ; 13.886 ; 13.886 ;
; S1         ; hex4        ; 14.129 ; 14.129 ; 14.129 ; 14.129 ;
; S1         ; hex5        ; 14.243 ; 14.243 ; 14.243 ; 14.243 ;
; S1         ; hex6        ; 14.242 ; 14.242 ; 14.242 ; 14.242 ;
; S1         ; hex13       ; 12.194 ; 12.194 ; 12.194 ; 12.194 ;
+------------+-------------+--------+--------+--------+--------+


+--------------------------------------------------------------+
; Minimum Propagation Delay                                    ;
+------------+-------------+--------+--------+--------+--------+
; Input Port ; Output Port ; RR     ; RF     ; FR     ; FF     ;
+------------+-------------+--------+--------+--------+--------+
; A0         ; A0out       ; 6.400  ;        ;        ; 6.400  ;
; A0         ; Cout        ; 8.825  ;        ;        ; 8.825  ;
; A0         ; OVR         ; 8.832  ; 8.832  ; 8.832  ; 8.832  ;
; A0         ; R0          ; 6.380  ; 6.380  ; 6.380  ; 6.380  ;
; A0         ; R1          ; 7.443  ; 7.443  ; 7.443  ; 7.443  ;
; A0         ; R2          ; 8.318  ; 8.318  ; 8.318  ; 8.318  ;
; A0         ; R3          ; 10.983 ; 10.983 ; 10.983 ; 10.983 ;
; A0         ; hex0        ; 10.176 ; 10.176 ; 10.176 ; 10.176 ;
; A0         ; hex1        ; 10.290 ; 10.290 ; 10.290 ; 10.290 ;
; A0         ; hex2        ; 9.980  ; 9.980  ; 9.980  ; 9.980  ;
; A0         ; hex3        ; 9.981  ; 9.981  ; 9.981  ; 9.981  ;
; A0         ; hex4        ; 10.168 ; 10.168 ; 10.168 ; 10.168 ;
; A0         ; hex5        ; 10.325 ; 10.325 ; 10.325 ; 10.325 ;
; A0         ; hex6        ; 10.324 ; 10.324 ; 10.324 ; 10.324 ;
; A0         ; hex13       ; 12.711 ; 12.711 ; 12.711 ; 12.711 ;
; A1         ; A1out       ; 6.051  ;        ;        ; 6.051  ;
; A1         ; Cout        ; 8.533  ;        ;        ; 8.533  ;
; A1         ; OVR         ; 8.540  ; 8.540  ; 8.540  ; 8.540  ;
; A1         ; R1          ; 6.681  ; 6.681  ; 6.681  ; 6.681  ;
; A1         ; R2          ; 8.026  ; 8.026  ; 8.026  ; 8.026  ;
; A1         ; R3          ; 10.691 ; 10.691 ; 10.691 ; 10.691 ;
; A1         ; hex0        ; 12.793 ; 12.793 ; 12.793 ; 12.793 ;
; A1         ; hex1        ; 12.911 ; 12.911 ; 12.911 ; 12.911 ;
; A1         ; hex2        ; 12.561 ; 12.561 ; 12.561 ; 12.561 ;
; A1         ; hex3        ; 12.598 ; 12.598 ; 12.598 ; 12.598 ;
; A1         ; hex4        ; 12.832 ; 12.832 ; 12.832 ; 12.832 ;
; A1         ; hex5        ; 12.945 ; 12.945 ; 12.945 ; 12.945 ;
; A1         ; hex6        ; 12.945 ; 12.945 ; 12.945 ; 12.945 ;
; A1         ; hex13       ; 12.419 ; 12.419 ; 12.419 ; 12.419 ;
; A2         ; A2out       ; 5.422  ;        ;        ; 5.422  ;
; A2         ; Cout        ; 7.379  ;        ;        ; 7.379  ;
; A2         ; OVR         ; 7.386  ; 7.386  ; 7.386  ; 7.386  ;
; A2         ; R2          ; 6.385  ; 6.385  ; 6.385  ; 6.385  ;
; A2         ; R3          ; 9.537  ; 9.537  ; 9.537  ; 9.537  ;
; A2         ; hex0        ; 11.152 ; 11.152 ; 11.152 ; 11.152 ;
; A2         ; hex1        ; 11.270 ; 11.270 ; 11.270 ; 11.270 ;
; A2         ; hex2        ; 10.920 ; 10.920 ; 10.920 ; 10.920 ;
; A2         ; hex3        ; 10.957 ; 10.957 ; 10.957 ; 10.957 ;
; A2         ; hex4        ; 11.191 ; 11.191 ; 11.191 ; 11.191 ;
; A2         ; hex5        ; 11.304 ; 11.304 ; 11.304 ; 11.304 ;
; A2         ; hex6        ; 11.304 ; 11.304 ; 11.304 ; 11.304 ;
; A2         ; hex13       ; 11.265 ; 11.265 ; 11.265 ; 11.265 ;
; A3         ; A3out       ; 6.688  ;        ;        ; 6.688  ;
; A3         ; Cout        ; 7.936  ;        ;        ; 7.936  ;
; A3         ; OVR         ; 7.941  ; 7.941  ; 7.941  ; 7.941  ;
; A3         ; R3          ; 10.562 ; 10.562 ; 10.562 ; 10.562 ;
; A3         ; hex0        ; 13.334 ; 13.334 ; 13.334 ; 13.334 ;
; A3         ; hex1        ; 13.456 ; 13.456 ; 13.456 ; 13.456 ;
; A3         ; hex2        ; 13.141 ; 13.141 ; 13.141 ; 13.141 ;
; A3         ; hex5        ; 13.495 ; 13.495 ; 13.495 ; 13.495 ;
; A3         ; hex6        ; 13.495 ; 13.495 ; 13.495 ; 13.495 ;
; A3         ; hex13       ; 12.290 ; 12.290 ; 12.290 ; 12.290 ;
; B0         ; B0out       ; 4.644  ;        ;        ; 4.644  ;
; B0         ; Cout        ; 8.360  ; 8.360  ; 8.360  ; 8.360  ;
; B0         ; OVR         ; 8.367  ; 8.367  ; 8.367  ; 8.367  ;
; B0         ; R0          ; 5.916  ; 5.916  ; 5.916  ; 5.916  ;
; B0         ; R1          ; 6.978  ; 6.978  ; 6.978  ; 6.978  ;
; B0         ; R2          ; 7.853  ; 7.853  ; 7.853  ; 7.853  ;
; B0         ; R3          ; 10.518 ; 10.518 ; 10.518 ; 10.518 ;
; B0         ; hex0        ; 9.712  ; 9.712  ; 9.712  ; 9.712  ;
; B0         ; hex1        ; 9.826  ; 9.826  ; 9.826  ; 9.826  ;
; B0         ; hex2        ; 9.516  ; 9.516  ; 9.516  ; 9.516  ;
; B0         ; hex3        ; 9.517  ; 9.517  ; 9.517  ; 9.517  ;
; B0         ; hex4        ; 9.704  ; 9.704  ; 9.704  ; 9.704  ;
; B0         ; hex5        ; 9.861  ; 9.861  ; 9.861  ; 9.861  ;
; B0         ; hex6        ; 9.860  ; 9.860  ; 9.860  ; 9.860  ;
; B0         ; hex13       ; 12.246 ; 12.246 ; 12.246 ; 12.246 ;
; B1         ; B1out       ; 4.979  ;        ;        ; 4.979  ;
; B1         ; Cout        ; 7.577  ; 7.577  ; 7.577  ; 7.577  ;
; B1         ; OVR         ; 7.584  ; 7.584  ; 7.584  ; 7.584  ;
; B1         ; R1          ; 6.190  ; 6.190  ; 6.190  ; 6.190  ;
; B1         ; R2          ; 7.070  ; 7.070  ; 7.070  ; 7.070  ;
; B1         ; R3          ; 9.735  ; 9.735  ; 9.735  ; 9.735  ;
; B1         ; hex0        ; 11.837 ; 11.837 ; 11.837 ; 11.837 ;
; B1         ; hex1        ; 11.955 ; 11.955 ; 11.955 ; 11.955 ;
; B1         ; hex2        ; 11.605 ; 11.605 ; 11.605 ; 11.605 ;
; B1         ; hex3        ; 11.642 ; 11.642 ; 11.642 ; 11.642 ;
; B1         ; hex4        ; 11.876 ; 11.876 ; 11.876 ; 11.876 ;
; B1         ; hex5        ; 11.989 ; 11.989 ; 11.989 ; 11.989 ;
; B1         ; hex6        ; 11.989 ; 11.989 ; 11.989 ; 11.989 ;
; B1         ; hex13       ; 11.463 ; 11.463 ; 11.463 ; 11.463 ;
; B2         ; B2out       ; 5.395  ;        ;        ; 5.395  ;
; B2         ; Cout        ; 6.758  ; 6.758  ; 6.758  ; 6.758  ;
; B2         ; OVR         ; 6.765  ; 6.765  ; 6.765  ; 6.765  ;
; B2         ; R2          ; 6.251  ; 6.251  ; 6.251  ; 6.251  ;
; B2         ; R3          ; 8.916  ; 8.916  ; 8.916  ; 8.916  ;
; B2         ; hex0        ; 11.018 ; 11.018 ; 11.018 ; 11.018 ;
; B2         ; hex1        ; 11.136 ; 11.136 ; 11.136 ; 11.136 ;
; B2         ; hex2        ; 10.786 ; 10.786 ; 10.786 ; 10.786 ;
; B2         ; hex3        ; 10.823 ; 10.823 ; 10.823 ; 10.823 ;
; B2         ; hex4        ; 11.057 ; 11.057 ; 11.057 ; 11.057 ;
; B2         ; hex5        ; 11.170 ; 11.170 ; 11.170 ; 11.170 ;
; B2         ; hex6        ; 11.170 ; 11.170 ; 11.170 ; 11.170 ;
; B2         ; hex13       ; 10.644 ; 10.644 ; 10.644 ; 10.644 ;
; B3         ; B3out       ; 6.101  ;        ;        ; 6.101  ;
; B3         ; Cout        ; 6.966  ; 6.966  ; 6.966  ; 6.966  ;
; B3         ; OVR         ; 6.976  ; 6.976  ; 6.976  ; 6.976  ;
; B3         ; R3          ; 9.398  ; 9.398  ; 9.398  ; 9.398  ;
; B3         ; hex0        ; 12.170 ; 12.170 ; 12.170 ; 12.170 ;
; B3         ; hex1        ; 12.292 ; 12.292 ; 12.292 ; 12.292 ;
; B3         ; hex2        ; 11.977 ; 11.977 ; 11.977 ; 11.977 ;
; B3         ; hex5        ; 12.331 ; 12.331 ; 12.331 ; 12.331 ;
; B3         ; hex6        ; 12.331 ; 12.331 ; 12.331 ; 12.331 ;
; B3         ; hex13       ; 11.126 ; 11.126 ; 11.126 ; 11.126 ;
; S0         ; Cout        ; 7.909  ; 7.909  ; 7.909  ; 7.909  ;
; S0         ; OVR         ; 7.912  ; 7.912  ; 7.912  ; 7.912  ;
; S0         ; R0          ; 7.557  ; 7.557  ; 7.557  ; 7.557  ;
; S0         ; R1          ; 7.279  ; 7.279  ; 7.279  ; 7.279  ;
; S0         ; R2          ; 7.557  ; 7.557  ; 7.557  ; 7.557  ;
; S0         ; R3          ; 10.535 ; 10.535 ; 10.535 ; 10.535 ;
; S0         ; S0out       ; 6.890  ;        ;        ; 6.890  ;
; S0         ; hex0        ; 11.353 ; 11.353 ; 11.353 ; 11.353 ;
; S0         ; hex1        ; 11.467 ; 11.467 ; 11.467 ; 11.467 ;
; S0         ; hex2        ; 11.157 ; 11.157 ; 11.157 ; 11.157 ;
; S0         ; hex3        ; 11.158 ; 11.158 ; 11.158 ; 11.158 ;
; S0         ; hex4        ; 11.345 ; 11.345 ; 11.345 ; 11.345 ;
; S0         ; hex5        ; 11.502 ; 11.502 ; 11.502 ; 11.502 ;
; S0         ; hex6        ; 11.501 ; 11.501 ; 11.501 ; 11.501 ;
; S0         ; hex13       ; 12.263 ; 12.263 ; 12.263 ; 12.263 ;
; S1         ; R0          ; 7.489  ; 7.489  ; 7.489  ; 7.489  ;
; S1         ; R1          ; 7.450  ; 7.450  ; 7.450  ; 7.450  ;
; S1         ; R2          ; 7.491  ; 7.491  ; 7.491  ; 7.491  ;
; S1         ; R3          ; 9.972  ; 9.972  ; 9.972  ; 9.972  ;
; S1         ; S1out       ; 6.376  ;        ;        ; 6.376  ;
; S1         ; hex0        ; 11.285 ; 11.285 ; 11.285 ; 11.285 ;
; S1         ; hex1        ; 11.399 ; 11.399 ; 11.399 ; 11.399 ;
; S1         ; hex2        ; 11.089 ; 11.089 ; 11.089 ; 11.089 ;
; S1         ; hex3        ; 11.090 ; 11.090 ; 11.090 ; 11.090 ;
; S1         ; hex4        ; 11.277 ; 11.277 ; 11.277 ; 11.277 ;
; S1         ; hex5        ; 11.434 ; 11.434 ; 11.434 ; 11.434 ;
; S1         ; hex6        ; 11.433 ; 11.433 ; 11.433 ; 11.433 ;
; S1         ; hex13       ; 11.700 ; 11.700 ; 11.700 ; 11.700 ;
+------------+-------------+--------+--------+--------+--------+


----------------------------
; Fast Model Setup Summary ;
----------------------------
No paths to report.


---------------------------
; Fast Model Hold Summary ;
---------------------------
No paths to report.


-------------------------------
; Fast Model Recovery Summary ;
-------------------------------
No paths to report.


------------------------------
; Fast Model Removal Summary ;
------------------------------
No paths to report.


------------------------------------------
; Fast Model Minimum Pulse Width Summary ;
------------------------------------------
No paths to report.


+----------------------------------------------------------+
; Propagation Delay                                        ;
+------------+-------------+-------+-------+-------+-------+
; Input Port ; Output Port ; RR    ; RF    ; FR    ; FF    ;
+------------+-------------+-------+-------+-------+-------+
; A0         ; A0out       ; 3.092 ;       ;       ; 3.092 ;
; A0         ; Cout        ; 3.890 ;       ;       ; 3.890 ;
; A0         ; OVR         ; 3.894 ; 3.894 ; 3.894 ; 3.894 ;
; A0         ; R0          ; 3.014 ; 3.014 ; 3.014 ; 3.014 ;
; A0         ; R1          ; 3.376 ; 3.376 ; 3.376 ; 3.376 ;
; A0         ; R2          ; 3.690 ; 3.690 ; 3.690 ; 3.690 ;
; A0         ; R3          ; 4.803 ; 4.803 ; 4.803 ; 4.803 ;
; A0         ; hex0        ; 5.999 ; 5.999 ; 5.999 ; 5.999 ;
; A0         ; hex1        ; 6.074 ; 6.074 ; 6.074 ; 6.074 ;
; A0         ; hex2        ; 5.958 ; 5.958 ; 5.958 ; 5.958 ;
; A0         ; hex3        ; 5.857 ; 5.857 ; 5.857 ; 5.857 ;
; A0         ; hex4        ; 5.952 ; 5.952 ; 5.952 ; 5.952 ;
; A0         ; hex5        ; 6.097 ; 6.097 ; 6.097 ; 6.097 ;
; A0         ; hex6        ; 6.096 ; 6.096 ; 6.096 ; 6.096 ;
; A0         ; hex13       ; 5.636 ; 5.636 ; 5.636 ; 5.636 ;
; A1         ; A1out       ; 2.902 ;       ;       ; 2.902 ;
; A1         ; Cout        ; 3.776 ;       ;       ; 3.776 ;
; A1         ; OVR         ; 3.780 ; 3.780 ; 3.780 ; 3.780 ;
; A1         ; R1          ; 3.095 ; 3.095 ; 3.095 ; 3.095 ;
; A1         ; R2          ; 3.576 ; 3.576 ; 3.576 ; 3.576 ;
; A1         ; R3          ; 4.689 ; 4.689 ; 4.689 ; 4.689 ;
; A1         ; hex0        ; 5.885 ; 5.885 ; 5.885 ; 5.885 ;
; A1         ; hex1        ; 5.960 ; 5.960 ; 5.960 ; 5.960 ;
; A1         ; hex2        ; 5.844 ; 5.844 ; 5.844 ; 5.844 ;
; A1         ; hex3        ; 5.576 ; 5.576 ; 5.576 ; 5.576 ;
; A1         ; hex4        ; 5.671 ; 5.671 ; 5.671 ; 5.671 ;
; A1         ; hex5        ; 5.983 ; 5.983 ; 5.983 ; 5.983 ;
; A1         ; hex6        ; 5.982 ; 5.982 ; 5.982 ; 5.982 ;
; A1         ; hex13       ; 5.522 ; 5.522 ; 5.522 ; 5.522 ;
; A2         ; A2out       ; 2.610 ;       ;       ; 2.610 ;
; A2         ; Cout        ; 3.355 ;       ;       ; 3.355 ;
; A2         ; OVR         ; 3.359 ; 3.359 ; 3.359 ; 3.359 ;
; A2         ; R2          ; 2.979 ; 2.979 ; 2.979 ; 2.979 ;
; A2         ; R3          ; 4.268 ; 4.268 ; 4.268 ; 4.268 ;
; A2         ; hex0        ; 5.464 ; 5.464 ; 5.464 ; 5.464 ;
; A2         ; hex1        ; 5.539 ; 5.539 ; 5.539 ; 5.539 ;
; A2         ; hex2        ; 5.423 ; 5.423 ; 5.423 ; 5.423 ;
; A2         ; hex3        ; 4.825 ; 4.825 ; 4.825 ; 4.825 ;
; A2         ; hex4        ; 4.907 ; 4.907 ; 4.907 ; 4.907 ;
; A2         ; hex5        ; 5.562 ; 5.562 ; 5.562 ; 5.562 ;
; A2         ; hex6        ; 5.561 ; 5.561 ; 5.561 ; 5.561 ;
; A2         ; hex13       ; 5.101 ; 5.101 ; 5.101 ; 5.101 ;
; A3         ; A3out       ; 3.244 ;       ;       ; 3.244 ;
; A3         ; Cout        ; 3.671 ;       ;       ; 3.671 ;
; A3         ; OVR         ; 3.675 ; 3.675 ; 3.675 ; 3.675 ;
; A3         ; R3          ; 4.748 ; 4.748 ; 4.748 ; 4.748 ;
; A3         ; hex0        ; 5.944 ; 5.944 ; 5.944 ; 5.944 ;
; A3         ; hex1        ; 6.019 ; 6.019 ; 6.019 ; 6.019 ;
; A3         ; hex2        ; 5.903 ; 5.903 ; 5.903 ; 5.903 ;
; A3         ; hex5        ; 6.042 ; 6.042 ; 6.042 ; 6.042 ;
; A3         ; hex6        ; 6.041 ; 6.041 ; 6.041 ; 6.041 ;
; A3         ; hex13       ; 5.581 ; 5.581 ; 5.581 ; 5.581 ;
; B0         ; B0out       ; 2.295 ;       ;       ; 2.295 ;
; B0         ; Cout        ; 3.660 ; 3.660 ; 3.660 ; 3.660 ;
; B0         ; OVR         ; 3.664 ; 3.664 ; 3.664 ; 3.664 ;
; B0         ; R0          ; 2.781 ; 2.781 ; 2.781 ; 2.781 ;
; B0         ; R1          ; 3.146 ; 3.146 ; 3.146 ; 3.146 ;
; B0         ; R2          ; 3.460 ; 3.460 ; 3.460 ; 3.460 ;
; B0         ; R3          ; 4.573 ; 4.573 ; 4.573 ; 4.573 ;
; B0         ; hex0        ; 5.769 ; 5.769 ; 5.769 ; 5.769 ;
; B0         ; hex1        ; 5.844 ; 5.844 ; 5.844 ; 5.844 ;
; B0         ; hex2        ; 5.728 ; 5.728 ; 5.728 ; 5.728 ;
; B0         ; hex3        ; 5.627 ; 5.627 ; 5.627 ; 5.627 ;
; B0         ; hex4        ; 5.722 ; 5.722 ; 5.722 ; 5.722 ;
; B0         ; hex5        ; 5.867 ; 5.867 ; 5.867 ; 5.867 ;
; B0         ; hex6        ; 5.866 ; 5.866 ; 5.866 ; 5.866 ;
; B0         ; hex13       ; 5.406 ; 5.406 ; 5.406 ; 5.406 ;
; B1         ; B1out       ; 2.423 ;       ;       ; 2.423 ;
; B1         ; Cout        ; 3.385 ; 3.385 ; 3.385 ; 3.385 ;
; B1         ; OVR         ; 3.389 ; 3.389 ; 3.389 ; 3.389 ;
; B1         ; R1          ; 2.867 ; 2.867 ; 2.867 ; 2.867 ;
; B1         ; R2          ; 3.185 ; 3.185 ; 3.185 ; 3.185 ;
; B1         ; R3          ; 4.298 ; 4.298 ; 4.298 ; 4.298 ;
; B1         ; hex0        ; 5.494 ; 5.494 ; 5.494 ; 5.494 ;
; B1         ; hex1        ; 5.569 ; 5.569 ; 5.569 ; 5.569 ;
; B1         ; hex2        ; 5.453 ; 5.453 ; 5.453 ; 5.453 ;
; B1         ; hex3        ; 5.348 ; 5.348 ; 5.348 ; 5.348 ;
; B1         ; hex4        ; 5.443 ; 5.443 ; 5.443 ; 5.443 ;
; B1         ; hex5        ; 5.592 ; 5.592 ; 5.592 ; 5.592 ;
; B1         ; hex6        ; 5.591 ; 5.591 ; 5.591 ; 5.591 ;
; B1         ; hex13       ; 5.131 ; 5.131 ; 5.131 ; 5.131 ;
; B2         ; B2out       ; 2.615 ;       ;       ; 2.615 ;
; B2         ; Cout        ; 3.107 ; 3.107 ; 3.107 ; 3.107 ;
; B2         ; OVR         ; 3.111 ; 3.111 ; 3.111 ; 3.111 ;
; B2         ; R2          ; 2.906 ; 2.906 ; 2.906 ; 2.906 ;
; B2         ; R3          ; 4.020 ; 4.020 ; 4.020 ; 4.020 ;
; B2         ; hex0        ; 5.216 ; 5.216 ; 5.216 ; 5.216 ;
; B2         ; hex1        ; 5.291 ; 5.291 ; 5.291 ; 5.291 ;
; B2         ; hex2        ; 5.175 ; 5.175 ; 5.175 ; 5.175 ;
; B2         ; hex3        ; 4.752 ; 4.752 ; 4.752 ; 4.752 ;
; B2         ; hex4        ; 4.834 ; 4.834 ; 4.834 ; 4.834 ;
; B2         ; hex5        ; 5.314 ; 5.314 ; 5.314 ; 5.314 ;
; B2         ; hex6        ; 5.313 ; 5.313 ; 5.313 ; 5.313 ;
; B2         ; hex13       ; 4.853 ; 4.853 ; 4.853 ; 4.853 ;
; B3         ; B3out       ; 2.886 ;       ;       ; 2.886 ;
; B3         ; Cout        ; 3.207 ; 3.207 ; 3.207 ; 3.207 ;
; B3         ; OVR         ; 3.217 ; 3.217 ; 3.217 ; 3.217 ;
; B3         ; R3          ; 4.213 ; 4.213 ; 4.213 ; 4.213 ;
; B3         ; hex0        ; 5.409 ; 5.409 ; 5.409 ; 5.409 ;
; B3         ; hex1        ; 5.484 ; 5.484 ; 5.484 ; 5.484 ;
; B3         ; hex2        ; 5.368 ; 5.368 ; 5.368 ; 5.368 ;
; B3         ; hex5        ; 5.507 ; 5.507 ; 5.507 ; 5.507 ;
; B3         ; hex6        ; 5.506 ; 5.506 ; 5.506 ; 5.506 ;
; B3         ; hex13       ; 5.046 ; 5.046 ; 5.046 ; 5.046 ;
; S0         ; Cout        ; 4.365 ; 4.095 ; 4.095 ; 4.365 ;
; S0         ; OVR         ; 4.369 ; 4.369 ; 4.369 ; 4.369 ;
; S0         ; R0          ; 3.498 ; 3.498 ; 3.498 ; 3.498 ;
; S0         ; R1          ; 3.851 ; 3.851 ; 3.851 ; 3.851 ;
; S0         ; R2          ; 4.165 ; 4.165 ; 4.165 ; 4.165 ;
; S0         ; R3          ; 5.278 ; 5.278 ; 5.278 ; 5.278 ;
; S0         ; S0out       ; 3.228 ;       ;       ; 3.228 ;
; S0         ; hex0        ; 6.474 ; 6.474 ; 6.474 ; 6.474 ;
; S0         ; hex1        ; 6.549 ; 6.549 ; 6.549 ; 6.549 ;
; S0         ; hex2        ; 6.433 ; 6.433 ; 6.433 ; 6.433 ;
; S0         ; hex3        ; 6.332 ; 6.332 ; 6.332 ; 6.332 ;
; S0         ; hex4        ; 6.427 ; 6.427 ; 6.427 ; 6.427 ;
; S0         ; hex5        ; 6.572 ; 6.572 ; 6.572 ; 6.572 ;
; S0         ; hex6        ; 6.571 ; 6.571 ; 6.571 ; 6.571 ;
; S0         ; hex13       ; 6.111 ; 6.111 ; 6.111 ; 6.111 ;
; S1         ; R0          ; 3.477 ; 3.477 ; 3.477 ; 3.477 ;
; S1         ; R1          ; 3.612 ; 3.612 ; 3.612 ; 3.612 ;
; S1         ; R2          ; 3.670 ; 3.670 ; 3.670 ; 3.670 ;
; S1         ; R3          ; 4.698 ; 4.698 ; 4.698 ; 4.698 ;
; S1         ; S1out       ; 3.042 ;       ;       ; 3.042 ;
; S1         ; hex0        ; 6.137 ; 6.137 ; 6.137 ; 6.137 ;
; S1         ; hex1        ; 6.219 ; 6.219 ; 6.219 ; 6.219 ;
; S1         ; hex2        ; 6.101 ; 6.101 ; 6.101 ; 6.101 ;
; S1         ; hex3        ; 6.093 ; 6.093 ; 6.093 ; 6.093 ;
; S1         ; hex4        ; 6.188 ; 6.188 ; 6.188 ; 6.188 ;
; S1         ; hex5        ; 6.237 ; 6.237 ; 6.237 ; 6.237 ;
; S1         ; hex6        ; 6.237 ; 6.237 ; 6.237 ; 6.237 ;
; S1         ; hex13       ; 5.531 ; 5.531 ; 5.531 ; 5.531 ;
+------------+-------------+-------+-------+-------+-------+


+----------------------------------------------------------+
; Minimum Propagation Delay                                ;
+------------+-------------+-------+-------+-------+-------+
; Input Port ; Output Port ; RR    ; RF    ; FR    ; FF    ;
+------------+-------------+-------+-------+-------+-------+
; A0         ; A0out       ; 3.092 ;       ;       ; 3.092 ;
; A0         ; Cout        ; 3.890 ;       ;       ; 3.890 ;
; A0         ; OVR         ; 3.894 ; 3.894 ; 3.894 ; 3.894 ;
; A0         ; R0          ; 3.014 ; 3.014 ; 3.014 ; 3.014 ;
; A0         ; R1          ; 3.376 ; 3.376 ; 3.376 ; 3.376 ;
; A0         ; R2          ; 3.690 ; 3.690 ; 3.690 ; 3.690 ;
; A0         ; R3          ; 4.803 ; 4.803 ; 4.803 ; 4.803 ;
; A0         ; hex0        ; 4.543 ; 4.543 ; 4.543 ; 4.543 ;
; A0         ; hex1        ; 4.608 ; 4.608 ; 4.608 ; 4.608 ;
; A0         ; hex2        ; 4.496 ; 4.496 ; 4.496 ; 4.496 ;
; A0         ; hex3        ; 4.498 ; 4.498 ; 4.498 ; 4.498 ;
; A0         ; hex4        ; 4.578 ; 4.578 ; 4.578 ; 4.578 ;
; A0         ; hex5        ; 4.627 ; 4.627 ; 4.627 ; 4.627 ;
; A0         ; hex6        ; 4.626 ; 4.626 ; 4.626 ; 4.626 ;
; A0         ; hex13       ; 5.636 ; 5.636 ; 5.636 ; 5.636 ;
; A1         ; A1out       ; 2.902 ;       ;       ; 2.902 ;
; A1         ; Cout        ; 3.776 ;       ;       ; 3.776 ;
; A1         ; OVR         ; 3.780 ; 3.780 ; 3.780 ; 3.780 ;
; A1         ; R1          ; 3.095 ; 3.095 ; 3.095 ; 3.095 ;
; A1         ; R2          ; 3.576 ; 3.576 ; 3.576 ; 3.576 ;
; A1         ; R3          ; 4.689 ; 4.689 ; 4.689 ; 4.689 ;
; A1         ; hex0        ; 5.474 ; 5.474 ; 5.474 ; 5.474 ;
; A1         ; hex1        ; 5.533 ; 5.533 ; 5.533 ; 5.533 ;
; A1         ; hex2        ; 5.427 ; 5.427 ; 5.427 ; 5.427 ;
; A1         ; hex3        ; 5.422 ; 5.422 ; 5.422 ; 5.422 ;
; A1         ; hex4        ; 5.504 ; 5.504 ; 5.504 ; 5.504 ;
; A1         ; hex5        ; 5.552 ; 5.552 ; 5.552 ; 5.552 ;
; A1         ; hex6        ; 5.552 ; 5.552 ; 5.552 ; 5.552 ;
; A1         ; hex13       ; 5.522 ; 5.522 ; 5.522 ; 5.522 ;
; A2         ; A2out       ; 2.610 ;       ;       ; 2.610 ;
; A2         ; Cout        ; 3.355 ;       ;       ; 3.355 ;
; A2         ; OVR         ; 3.359 ; 3.359 ; 3.359 ; 3.359 ;
; A2         ; R2          ; 2.979 ; 2.979 ; 2.979 ; 2.979 ;
; A2         ; R3          ; 4.268 ; 4.268 ; 4.268 ; 4.268 ;
; A2         ; hex0        ; 4.877 ; 4.877 ; 4.877 ; 4.877 ;
; A2         ; hex1        ; 4.936 ; 4.936 ; 4.936 ; 4.936 ;
; A2         ; hex2        ; 4.830 ; 4.830 ; 4.830 ; 4.830 ;
; A2         ; hex3        ; 4.825 ; 4.825 ; 4.825 ; 4.825 ;
; A2         ; hex4        ; 4.907 ; 4.907 ; 4.907 ; 4.907 ;
; A2         ; hex5        ; 4.955 ; 4.955 ; 4.955 ; 4.955 ;
; A2         ; hex6        ; 4.955 ; 4.955 ; 4.955 ; 4.955 ;
; A2         ; hex13       ; 5.101 ; 5.101 ; 5.101 ; 5.101 ;
; A3         ; A3out       ; 3.244 ;       ;       ; 3.244 ;
; A3         ; Cout        ; 3.671 ;       ;       ; 3.671 ;
; A3         ; OVR         ; 3.675 ; 3.675 ; 3.675 ; 3.675 ;
; A3         ; R3          ; 4.748 ; 4.748 ; 4.748 ; 4.748 ;
; A3         ; hex0        ; 5.944 ; 5.944 ; 5.944 ; 5.944 ;
; A3         ; hex1        ; 6.019 ; 6.019 ; 6.019 ; 6.019 ;
; A3         ; hex2        ; 5.903 ; 5.903 ; 5.903 ; 5.903 ;
; A3         ; hex5        ; 6.042 ; 6.042 ; 6.042 ; 6.042 ;
; A3         ; hex6        ; 6.041 ; 6.041 ; 6.041 ; 6.041 ;
; A3         ; hex13       ; 5.581 ; 5.581 ; 5.581 ; 5.581 ;
; B0         ; B0out       ; 2.295 ;       ;       ; 2.295 ;
; B0         ; Cout        ; 3.660 ; 3.660 ; 3.660 ; 3.660 ;
; B0         ; OVR         ; 3.664 ; 3.664 ; 3.664 ; 3.664 ;
; B0         ; R0          ; 2.781 ; 2.781 ; 2.781 ; 2.781 ;
; B0         ; R1          ; 3.146 ; 3.146 ; 3.146 ; 3.146 ;
; B0         ; R2          ; 3.460 ; 3.460 ; 3.460 ; 3.460 ;
; B0         ; R3          ; 4.573 ; 4.573 ; 4.573 ; 4.573 ;
; B0         ; hex0        ; 4.310 ; 4.310 ; 4.310 ; 4.310 ;
; B0         ; hex1        ; 4.375 ; 4.375 ; 4.375 ; 4.375 ;
; B0         ; hex2        ; 4.263 ; 4.263 ; 4.263 ; 4.263 ;
; B0         ; hex3        ; 4.265 ; 4.265 ; 4.265 ; 4.265 ;
; B0         ; hex4        ; 4.345 ; 4.345 ; 4.345 ; 4.345 ;
; B0         ; hex5        ; 4.394 ; 4.394 ; 4.394 ; 4.394 ;
; B0         ; hex6        ; 4.393 ; 4.393 ; 4.393 ; 4.393 ;
; B0         ; hex13       ; 5.406 ; 5.406 ; 5.406 ; 5.406 ;
; B1         ; B1out       ; 2.423 ;       ;       ; 2.423 ;
; B1         ; Cout        ; 3.385 ; 3.385 ; 3.385 ; 3.385 ;
; B1         ; OVR         ; 3.389 ; 3.389 ; 3.389 ; 3.389 ;
; B1         ; R1          ; 2.867 ; 2.867 ; 2.867 ; 2.867 ;
; B1         ; R2          ; 3.185 ; 3.185 ; 3.185 ; 3.185 ;
; B1         ; R3          ; 4.298 ; 4.298 ; 4.298 ; 4.298 ;
; B1         ; hex0        ; 5.083 ; 5.083 ; 5.083 ; 5.083 ;
; B1         ; hex1        ; 5.142 ; 5.142 ; 5.142 ; 5.142 ;
; B1         ; hex2        ; 5.036 ; 5.036 ; 5.036 ; 5.036 ;
; B1         ; hex3        ; 5.031 ; 5.031 ; 5.031 ; 5.031 ;
; B1         ; hex4        ; 5.113 ; 5.113 ; 5.113 ; 5.113 ;
; B1         ; hex5        ; 5.161 ; 5.161 ; 5.161 ; 5.161 ;
; B1         ; hex6        ; 5.161 ; 5.161 ; 5.161 ; 5.161 ;
; B1         ; hex13       ; 5.131 ; 5.131 ; 5.131 ; 5.131 ;
; B2         ; B2out       ; 2.615 ;       ;       ; 2.615 ;
; B2         ; Cout        ; 3.107 ; 3.107 ; 3.107 ; 3.107 ;
; B2         ; OVR         ; 3.111 ; 3.111 ; 3.111 ; 3.111 ;
; B2         ; R2          ; 2.906 ; 2.906 ; 2.906 ; 2.906 ;
; B2         ; R3          ; 4.020 ; 4.020 ; 4.020 ; 4.020 ;
; B2         ; hex0        ; 4.804 ; 4.804 ; 4.804 ; 4.804 ;
; B2         ; hex1        ; 4.863 ; 4.863 ; 4.863 ; 4.863 ;
; B2         ; hex2        ; 4.757 ; 4.757 ; 4.757 ; 4.757 ;
; B2         ; hex3        ; 4.752 ; 4.752 ; 4.752 ; 4.752 ;
; B2         ; hex4        ; 4.834 ; 4.834 ; 4.834 ; 4.834 ;
; B2         ; hex5        ; 4.882 ; 4.882 ; 4.882 ; 4.882 ;
; B2         ; hex6        ; 4.882 ; 4.882 ; 4.882 ; 4.882 ;
; B2         ; hex13       ; 4.853 ; 4.853 ; 4.853 ; 4.853 ;
; B3         ; B3out       ; 2.886 ;       ;       ; 2.886 ;
; B3         ; Cout        ; 3.207 ; 3.207 ; 3.207 ; 3.207 ;
; B3         ; OVR         ; 3.217 ; 3.217 ; 3.217 ; 3.217 ;
; B3         ; R3          ; 4.213 ; 4.213 ; 4.213 ; 4.213 ;
; B3         ; hex0        ; 5.409 ; 5.409 ; 5.409 ; 5.409 ;
; B3         ; hex1        ; 5.484 ; 5.484 ; 5.484 ; 5.484 ;
; B3         ; hex2        ; 5.368 ; 5.368 ; 5.368 ; 5.368 ;
; B3         ; hex5        ; 5.507 ; 5.507 ; 5.507 ; 5.507 ;
; B3         ; hex6        ; 5.506 ; 5.506 ; 5.506 ; 5.506 ;
; B3         ; hex13       ; 5.046 ; 5.046 ; 5.046 ; 5.046 ;
; S0         ; Cout        ; 3.641 ; 3.641 ; 3.641 ; 3.641 ;
; S0         ; OVR         ; 3.644 ; 3.644 ; 3.644 ; 3.644 ;
; S0         ; R0          ; 3.498 ; 3.498 ; 3.498 ; 3.498 ;
; S0         ; R1          ; 3.394 ; 3.394 ; 3.394 ; 3.394 ;
; S0         ; R2          ; 3.497 ; 3.497 ; 3.497 ; 3.497 ;
; S0         ; R3          ; 4.720 ; 4.720 ; 4.720 ; 4.720 ;
; S0         ; S0out       ; 3.228 ;       ;       ; 3.228 ;
; S0         ; hex0        ; 5.027 ; 5.027 ; 5.027 ; 5.027 ;
; S0         ; hex1        ; 5.092 ; 5.092 ; 5.092 ; 5.092 ;
; S0         ; hex2        ; 4.980 ; 4.980 ; 4.980 ; 4.980 ;
; S0         ; hex3        ; 4.982 ; 4.982 ; 4.982 ; 4.982 ;
; S0         ; hex4        ; 5.062 ; 5.062 ; 5.062 ; 5.062 ;
; S0         ; hex5        ; 5.111 ; 5.111 ; 5.111 ; 5.111 ;
; S0         ; hex6        ; 5.110 ; 5.110 ; 5.110 ; 5.110 ;
; S0         ; hex13       ; 5.553 ; 5.553 ; 5.553 ; 5.553 ;
; S1         ; R0          ; 3.477 ; 3.477 ; 3.477 ; 3.477 ;
; S1         ; R1          ; 3.453 ; 3.453 ; 3.453 ; 3.453 ;
; S1         ; R2          ; 3.476 ; 3.476 ; 3.476 ; 3.476 ;
; S1         ; R3          ; 4.537 ; 4.537 ; 4.537 ; 4.537 ;
; S1         ; S1out       ; 3.042 ;       ;       ; 3.042 ;
; S1         ; hex0        ; 5.006 ; 5.006 ; 5.006 ; 5.006 ;
; S1         ; hex1        ; 5.071 ; 5.071 ; 5.071 ; 5.071 ;
; S1         ; hex2        ; 4.959 ; 4.959 ; 4.959 ; 4.959 ;
; S1         ; hex3        ; 4.961 ; 4.961 ; 4.961 ; 4.961 ;
; S1         ; hex4        ; 5.041 ; 5.041 ; 5.041 ; 5.041 ;
; S1         ; hex5        ; 5.090 ; 5.090 ; 5.090 ; 5.090 ;
; S1         ; hex6        ; 5.089 ; 5.089 ; 5.089 ; 5.089 ;
; S1         ; hex13       ; 5.370 ; 5.370 ; 5.370 ; 5.370 ;
+------------+-------------+-------+-------+-------+-------+


+----------------------------------------------------------------------------+
; Multicorner Timing Analysis Summary                                        ;
+------------------+-------+------+----------+---------+---------------------+
; Clock            ; Setup ; Hold ; Recovery ; Removal ; Minimum Pulse Width ;
+------------------+-------+------+----------+---------+---------------------+
; Worst-case Slack ; N/A   ; N/A  ; N/A      ; N/A     ; N/A                 ;
; Design-wide TNS  ; 0.0   ; 0.0  ; 0.0      ; 0.0     ; 0.0                 ;
+------------------+-------+------+----------+---------+---------------------+


+--------------------------------------------------------------+
; Progagation Delay                                            ;
+------------+-------------+--------+--------+--------+--------+
; Input Port ; Output Port ; RR     ; RF     ; FR     ; FF     ;
+------------+-------------+--------+--------+--------+--------+
; A0         ; A0out       ; 6.400  ;        ;        ; 6.400  ;
; A0         ; Cout        ; 8.825  ;        ;        ; 8.825  ;
; A0         ; OVR         ; 8.832  ; 8.832  ; 8.832  ; 8.832  ;
; A0         ; R0          ; 6.380  ; 6.380  ; 6.380  ; 6.380  ;
; A0         ; R1          ; 7.443  ; 7.443  ; 7.443  ; 7.443  ;
; A0         ; R2          ; 8.318  ; 8.318  ; 8.318  ; 8.318  ;
; A0         ; R3          ; 10.983 ; 10.983 ; 10.983 ; 10.983 ;
; A0         ; hex0        ; 13.755 ; 13.755 ; 13.755 ; 13.755 ;
; A0         ; hex1        ; 13.877 ; 13.877 ; 13.877 ; 13.877 ;
; A0         ; hex2        ; 13.562 ; 13.562 ; 13.562 ; 13.562 ;
; A0         ; hex3        ; 13.447 ; 13.447 ; 13.447 ; 13.447 ;
; A0         ; hex4        ; 13.690 ; 13.690 ; 13.690 ; 13.690 ;
; A0         ; hex5        ; 13.916 ; 13.916 ; 13.916 ; 13.916 ;
; A0         ; hex6        ; 13.916 ; 13.916 ; 13.916 ; 13.916 ;
; A0         ; hex13       ; 12.711 ; 12.711 ; 12.711 ; 12.711 ;
; A1         ; A1out       ; 6.051  ;        ;        ; 6.051  ;
; A1         ; Cout        ; 8.533  ;        ;        ; 8.533  ;
; A1         ; OVR         ; 8.540  ; 8.540  ; 8.540  ; 8.540  ;
; A1         ; R1          ; 6.681  ; 6.681  ; 6.681  ; 6.681  ;
; A1         ; R2          ; 8.026  ; 8.026  ; 8.026  ; 8.026  ;
; A1         ; R3          ; 10.691 ; 10.691 ; 10.691 ; 10.691 ;
; A1         ; hex0        ; 13.463 ; 13.463 ; 13.463 ; 13.463 ;
; A1         ; hex1        ; 13.585 ; 13.585 ; 13.585 ; 13.585 ;
; A1         ; hex2        ; 13.270 ; 13.270 ; 13.270 ; 13.270 ;
; A1         ; hex3        ; 12.685 ; 12.685 ; 12.685 ; 12.685 ;
; A1         ; hex4        ; 12.928 ; 12.928 ; 12.928 ; 12.928 ;
; A1         ; hex5        ; 13.624 ; 13.624 ; 13.624 ; 13.624 ;
; A1         ; hex6        ; 13.624 ; 13.624 ; 13.624 ; 13.624 ;
; A1         ; hex13       ; 12.419 ; 12.419 ; 12.419 ; 12.419 ;
; A2         ; A2out       ; 5.422  ;        ;        ; 5.422  ;
; A2         ; Cout        ; 7.379  ;        ;        ; 7.379  ;
; A2         ; OVR         ; 7.386  ; 7.386  ; 7.386  ; 7.386  ;
; A2         ; R2          ; 6.385  ; 6.385  ; 6.385  ; 6.385  ;
; A2         ; R3          ; 9.537  ; 9.537  ; 9.537  ; 9.537  ;
; A2         ; hex0        ; 12.309 ; 12.309 ; 12.309 ; 12.309 ;
; A2         ; hex1        ; 12.431 ; 12.431 ; 12.431 ; 12.431 ;
; A2         ; hex2        ; 12.116 ; 12.116 ; 12.116 ; 12.116 ;
; A2         ; hex3        ; 10.957 ; 10.957 ; 10.957 ; 10.957 ;
; A2         ; hex4        ; 11.191 ; 11.191 ; 11.191 ; 11.191 ;
; A2         ; hex5        ; 12.470 ; 12.470 ; 12.470 ; 12.470 ;
; A2         ; hex6        ; 12.470 ; 12.470 ; 12.470 ; 12.470 ;
; A2         ; hex13       ; 11.265 ; 11.265 ; 11.265 ; 11.265 ;
; A3         ; A3out       ; 6.688  ;        ;        ; 6.688  ;
; A3         ; Cout        ; 7.936  ;        ;        ; 7.936  ;
; A3         ; OVR         ; 7.941  ; 7.941  ; 7.941  ; 7.941  ;
; A3         ; R3          ; 10.562 ; 10.562 ; 10.562 ; 10.562 ;
; A3         ; hex0        ; 13.334 ; 13.334 ; 13.334 ; 13.334 ;
; A3         ; hex1        ; 13.456 ; 13.456 ; 13.456 ; 13.456 ;
; A3         ; hex2        ; 13.141 ; 13.141 ; 13.141 ; 13.141 ;
; A3         ; hex5        ; 13.495 ; 13.495 ; 13.495 ; 13.495 ;
; A3         ; hex6        ; 13.495 ; 13.495 ; 13.495 ; 13.495 ;
; A3         ; hex13       ; 12.290 ; 12.290 ; 12.290 ; 12.290 ;
; B0         ; B0out       ; 4.644  ;        ;        ; 4.644  ;
; B0         ; Cout        ; 8.360  ; 8.360  ; 8.360  ; 8.360  ;
; B0         ; OVR         ; 8.367  ; 8.367  ; 8.367  ; 8.367  ;
; B0         ; R0          ; 5.916  ; 5.916  ; 5.916  ; 5.916  ;
; B0         ; R1          ; 6.978  ; 6.978  ; 6.978  ; 6.978  ;
; B0         ; R2          ; 7.853  ; 7.853  ; 7.853  ; 7.853  ;
; B0         ; R3          ; 10.518 ; 10.518 ; 10.518 ; 10.518 ;
; B0         ; hex0        ; 13.290 ; 13.290 ; 13.290 ; 13.290 ;
; B0         ; hex1        ; 13.412 ; 13.412 ; 13.412 ; 13.412 ;
; B0         ; hex2        ; 13.097 ; 13.097 ; 13.097 ; 13.097 ;
; B0         ; hex3        ; 12.982 ; 12.982 ; 12.982 ; 12.982 ;
; B0         ; hex4        ; 13.225 ; 13.225 ; 13.225 ; 13.225 ;
; B0         ; hex5        ; 13.451 ; 13.451 ; 13.451 ; 13.451 ;
; B0         ; hex6        ; 13.451 ; 13.451 ; 13.451 ; 13.451 ;
; B0         ; hex13       ; 12.246 ; 12.246 ; 12.246 ; 12.246 ;
; B1         ; B1out       ; 4.979  ;        ;        ; 4.979  ;
; B1         ; Cout        ; 7.577  ; 7.577  ; 7.577  ; 7.577  ;
; B1         ; OVR         ; 7.584  ; 7.584  ; 7.584  ; 7.584  ;
; B1         ; R1          ; 6.190  ; 6.190  ; 6.190  ; 6.190  ;
; B1         ; R2          ; 7.070  ; 7.070  ; 7.070  ; 7.070  ;
; B1         ; R3          ; 9.735  ; 9.735  ; 9.735  ; 9.735  ;
; B1         ; hex0        ; 12.507 ; 12.507 ; 12.507 ; 12.507 ;
; B1         ; hex1        ; 12.629 ; 12.629 ; 12.629 ; 12.629 ;
; B1         ; hex2        ; 12.314 ; 12.314 ; 12.314 ; 12.314 ;
; B1         ; hex3        ; 12.194 ; 12.194 ; 12.194 ; 12.194 ;
; B1         ; hex4        ; 12.437 ; 12.437 ; 12.437 ; 12.437 ;
; B1         ; hex5        ; 12.668 ; 12.668 ; 12.668 ; 12.668 ;
; B1         ; hex6        ; 12.668 ; 12.668 ; 12.668 ; 12.668 ;
; B1         ; hex13       ; 11.463 ; 11.463 ; 11.463 ; 11.463 ;
; B2         ; B2out       ; 5.395  ;        ;        ; 5.395  ;
; B2         ; Cout        ; 6.758  ; 6.758  ; 6.758  ; 6.758  ;
; B2         ; OVR         ; 6.765  ; 6.765  ; 6.765  ; 6.765  ;
; B2         ; R2          ; 6.251  ; 6.251  ; 6.251  ; 6.251  ;
; B2         ; R3          ; 8.916  ; 8.916  ; 8.916  ; 8.916  ;
; B2         ; hex0        ; 11.688 ; 11.688 ; 11.688 ; 11.688 ;
; B2         ; hex1        ; 11.810 ; 11.810 ; 11.810 ; 11.810 ;
; B2         ; hex2        ; 11.495 ; 11.495 ; 11.495 ; 11.495 ;
; B2         ; hex3        ; 10.823 ; 10.823 ; 10.823 ; 10.823 ;
; B2         ; hex4        ; 11.057 ; 11.057 ; 11.057 ; 11.057 ;
; B2         ; hex5        ; 11.849 ; 11.849 ; 11.849 ; 11.849 ;
; B2         ; hex6        ; 11.849 ; 11.849 ; 11.849 ; 11.849 ;
; B2         ; hex13       ; 10.644 ; 10.644 ; 10.644 ; 10.644 ;
; B3         ; B3out       ; 6.101  ;        ;        ; 6.101  ;
; B3         ; Cout        ; 6.966  ; 6.966  ; 6.966  ; 6.966  ;
; B3         ; OVR         ; 6.976  ; 6.976  ; 6.976  ; 6.976  ;
; B3         ; R3          ; 9.398  ; 9.398  ; 9.398  ; 9.398  ;
; B3         ; hex0        ; 12.170 ; 12.170 ; 12.170 ; 12.170 ;
; B3         ; hex1        ; 12.292 ; 12.292 ; 12.292 ; 12.292 ;
; B3         ; hex2        ; 11.977 ; 11.977 ; 11.977 ; 11.977 ;
; B3         ; hex5        ; 12.331 ; 12.331 ; 12.331 ; 12.331 ;
; B3         ; hex6        ; 12.331 ; 12.331 ; 12.331 ; 12.331 ;
; B3         ; hex13       ; 11.126 ; 11.126 ; 11.126 ; 11.126 ;
; S0         ; Cout        ; 9.991  ; 9.248  ; 9.248  ; 9.991  ;
; S0         ; OVR         ; 9.998  ; 9.998  ; 9.998  ; 9.998  ;
; S0         ; R0          ; 7.557  ; 7.557  ; 7.557  ; 7.557  ;
; S0         ; R1          ; 8.609  ; 8.609  ; 8.609  ; 8.609  ;
; S0         ; R2          ; 9.484  ; 9.484  ; 9.484  ; 9.484  ;
; S0         ; R3          ; 12.149 ; 12.149 ; 12.149 ; 12.149 ;
; S0         ; S0out       ; 6.890  ;        ;        ; 6.890  ;
; S0         ; hex0        ; 14.921 ; 14.921 ; 14.921 ; 14.921 ;
; S0         ; hex1        ; 15.043 ; 15.043 ; 15.043 ; 15.043 ;
; S0         ; hex2        ; 14.728 ; 14.728 ; 14.728 ; 14.728 ;
; S0         ; hex3        ; 14.613 ; 14.613 ; 14.613 ; 14.613 ;
; S0         ; hex4        ; 14.856 ; 14.856 ; 14.856 ; 14.856 ;
; S0         ; hex5        ; 15.082 ; 15.082 ; 15.082 ; 15.082 ;
; S0         ; hex6        ; 15.082 ; 15.082 ; 15.082 ; 15.082 ;
; S0         ; hex13       ; 13.877 ; 13.877 ; 13.877 ; 13.877 ;
; S1         ; R0          ; 7.489  ; 7.489  ; 7.489  ; 7.489  ;
; S1         ; R1          ; 7.882  ; 7.882  ; 7.882  ; 7.882  ;
; S1         ; R2          ; 8.094  ; 8.094  ; 8.094  ; 8.094  ;
; S1         ; R3          ; 10.466 ; 10.466 ; 10.466 ; 10.466 ;
; S1         ; S1out       ; 6.376  ;        ;        ; 6.376  ;
; S1         ; hex0        ; 14.048 ; 14.048 ; 14.048 ; 14.048 ;
; S1         ; hex1        ; 14.205 ; 14.205 ; 14.205 ; 14.205 ;
; S1         ; hex2        ; 13.884 ; 13.884 ; 13.884 ; 13.884 ;
; S1         ; hex3        ; 13.886 ; 13.886 ; 13.886 ; 13.886 ;
; S1         ; hex4        ; 14.129 ; 14.129 ; 14.129 ; 14.129 ;
; S1         ; hex5        ; 14.243 ; 14.243 ; 14.243 ; 14.243 ;
; S1         ; hex6        ; 14.242 ; 14.242 ; 14.242 ; 14.242 ;
; S1         ; hex13       ; 12.194 ; 12.194 ; 12.194 ; 12.194 ;
+------------+-------------+--------+--------+--------+--------+


+----------------------------------------------------------+
; Minimum Progagation Delay                                ;
+------------+-------------+-------+-------+-------+-------+
; Input Port ; Output Port ; RR    ; RF    ; FR    ; FF    ;
+------------+-------------+-------+-------+-------+-------+
; A0         ; A0out       ; 3.092 ;       ;       ; 3.092 ;
; A0         ; Cout        ; 3.890 ;       ;       ; 3.890 ;
; A0         ; OVR         ; 3.894 ; 3.894 ; 3.894 ; 3.894 ;
; A0         ; R0          ; 3.014 ; 3.014 ; 3.014 ; 3.014 ;
; A0         ; R1          ; 3.376 ; 3.376 ; 3.376 ; 3.376 ;
; A0         ; R2          ; 3.690 ; 3.690 ; 3.690 ; 3.690 ;
; A0         ; R3          ; 4.803 ; 4.803 ; 4.803 ; 4.803 ;
; A0         ; hex0        ; 4.543 ; 4.543 ; 4.543 ; 4.543 ;
; A0         ; hex1        ; 4.608 ; 4.608 ; 4.608 ; 4.608 ;
; A0         ; hex2        ; 4.496 ; 4.496 ; 4.496 ; 4.496 ;
; A0         ; hex3        ; 4.498 ; 4.498 ; 4.498 ; 4.498 ;
; A0         ; hex4        ; 4.578 ; 4.578 ; 4.578 ; 4.578 ;
; A0         ; hex5        ; 4.627 ; 4.627 ; 4.627 ; 4.627 ;
; A0         ; hex6        ; 4.626 ; 4.626 ; 4.626 ; 4.626 ;
; A0         ; hex13       ; 5.636 ; 5.636 ; 5.636 ; 5.636 ;
; A1         ; A1out       ; 2.902 ;       ;       ; 2.902 ;
; A1         ; Cout        ; 3.776 ;       ;       ; 3.776 ;
; A1         ; OVR         ; 3.780 ; 3.780 ; 3.780 ; 3.780 ;
; A1         ; R1          ; 3.095 ; 3.095 ; 3.095 ; 3.095 ;
; A1         ; R2          ; 3.576 ; 3.576 ; 3.576 ; 3.576 ;
; A1         ; R3          ; 4.689 ; 4.689 ; 4.689 ; 4.689 ;
; A1         ; hex0        ; 5.474 ; 5.474 ; 5.474 ; 5.474 ;
; A1         ; hex1        ; 5.533 ; 5.533 ; 5.533 ; 5.533 ;
; A1         ; hex2        ; 5.427 ; 5.427 ; 5.427 ; 5.427 ;
; A1         ; hex3        ; 5.422 ; 5.422 ; 5.422 ; 5.422 ;
; A1         ; hex4        ; 5.504 ; 5.504 ; 5.504 ; 5.504 ;
; A1         ; hex5        ; 5.552 ; 5.552 ; 5.552 ; 5.552 ;
; A1         ; hex6        ; 5.552 ; 5.552 ; 5.552 ; 5.552 ;
; A1         ; hex13       ; 5.522 ; 5.522 ; 5.522 ; 5.522 ;
; A2         ; A2out       ; 2.610 ;       ;       ; 2.610 ;
; A2         ; Cout        ; 3.355 ;       ;       ; 3.355 ;
; A2         ; OVR         ; 3.359 ; 3.359 ; 3.359 ; 3.359 ;
; A2         ; R2          ; 2.979 ; 2.979 ; 2.979 ; 2.979 ;
; A2         ; R3          ; 4.268 ; 4.268 ; 4.268 ; 4.268 ;
; A2         ; hex0        ; 4.877 ; 4.877 ; 4.877 ; 4.877 ;
; A2         ; hex1        ; 4.936 ; 4.936 ; 4.936 ; 4.936 ;
; A2         ; hex2        ; 4.830 ; 4.830 ; 4.830 ; 4.830 ;
; A2         ; hex3        ; 4.825 ; 4.825 ; 4.825 ; 4.825 ;
; A2         ; hex4        ; 4.907 ; 4.907 ; 4.907 ; 4.907 ;
; A2         ; hex5        ; 4.955 ; 4.955 ; 4.955 ; 4.955 ;
; A2         ; hex6        ; 4.955 ; 4.955 ; 4.955 ; 4.955 ;
; A2         ; hex13       ; 5.101 ; 5.101 ; 5.101 ; 5.101 ;
; A3         ; A3out       ; 3.244 ;       ;       ; 3.244 ;
; A3         ; Cout        ; 3.671 ;       ;       ; 3.671 ;
; A3         ; OVR         ; 3.675 ; 3.675 ; 3.675 ; 3.675 ;
; A3         ; R3          ; 4.748 ; 4.748 ; 4.748 ; 4.748 ;
; A3         ; hex0        ; 5.944 ; 5.944 ; 5.944 ; 5.944 ;
; A3         ; hex1        ; 6.019 ; 6.019 ; 6.019 ; 6.019 ;
; A3         ; hex2        ; 5.903 ; 5.903 ; 5.903 ; 5.903 ;
; A3         ; hex5        ; 6.042 ; 6.042 ; 6.042 ; 6.042 ;
; A3         ; hex6        ; 6.041 ; 6.041 ; 6.041 ; 6.041 ;
; A3         ; hex13       ; 5.581 ; 5.581 ; 5.581 ; 5.581 ;
; B0         ; B0out       ; 2.295 ;       ;       ; 2.295 ;
; B0         ; Cout        ; 3.660 ; 3.660 ; 3.660 ; 3.660 ;
; B0         ; OVR         ; 3.664 ; 3.664 ; 3.664 ; 3.664 ;
; B0         ; R0          ; 2.781 ; 2.781 ; 2.781 ; 2.781 ;
; B0         ; R1          ; 3.146 ; 3.146 ; 3.146 ; 3.146 ;
; B0         ; R2          ; 3.460 ; 3.460 ; 3.460 ; 3.460 ;
; B0         ; R3          ; 4.573 ; 4.573 ; 4.573 ; 4.573 ;
; B0         ; hex0        ; 4.310 ; 4.310 ; 4.310 ; 4.310 ;
; B0         ; hex1        ; 4.375 ; 4.375 ; 4.375 ; 4.375 ;
; B0         ; hex2        ; 4.263 ; 4.263 ; 4.263 ; 4.263 ;
; B0         ; hex3        ; 4.265 ; 4.265 ; 4.265 ; 4.265 ;
; B0         ; hex4        ; 4.345 ; 4.345 ; 4.345 ; 4.345 ;
; B0         ; hex5        ; 4.394 ; 4.394 ; 4.394 ; 4.394 ;
; B0         ; hex6        ; 4.393 ; 4.393 ; 4.393 ; 4.393 ;
; B0         ; hex13       ; 5.406 ; 5.406 ; 5.406 ; 5.406 ;
; B1         ; B1out       ; 2.423 ;       ;       ; 2.423 ;
; B1         ; Cout        ; 3.385 ; 3.385 ; 3.385 ; 3.385 ;
; B1         ; OVR         ; 3.389 ; 3.389 ; 3.389 ; 3.389 ;
; B1         ; R1          ; 2.867 ; 2.867 ; 2.867 ; 2.867 ;
; B1         ; R2          ; 3.185 ; 3.185 ; 3.185 ; 3.185 ;
; B1         ; R3          ; 4.298 ; 4.298 ; 4.298 ; 4.298 ;
; B1         ; hex0        ; 5.083 ; 5.083 ; 5.083 ; 5.083 ;
; B1         ; hex1        ; 5.142 ; 5.142 ; 5.142 ; 5.142 ;
; B1         ; hex2        ; 5.036 ; 5.036 ; 5.036 ; 5.036 ;
; B1         ; hex3        ; 5.031 ; 5.031 ; 5.031 ; 5.031 ;
; B1         ; hex4        ; 5.113 ; 5.113 ; 5.113 ; 5.113 ;
; B1         ; hex5        ; 5.161 ; 5.161 ; 5.161 ; 5.161 ;
; B1         ; hex6        ; 5.161 ; 5.161 ; 5.161 ; 5.161 ;
; B1         ; hex13       ; 5.131 ; 5.131 ; 5.131 ; 5.131 ;
; B2         ; B2out       ; 2.615 ;       ;       ; 2.615 ;
; B2         ; Cout        ; 3.107 ; 3.107 ; 3.107 ; 3.107 ;
; B2         ; OVR         ; 3.111 ; 3.111 ; 3.111 ; 3.111 ;
; B2         ; R2          ; 2.906 ; 2.906 ; 2.906 ; 2.906 ;
; B2         ; R3          ; 4.020 ; 4.020 ; 4.020 ; 4.020 ;
; B2         ; hex0        ; 4.804 ; 4.804 ; 4.804 ; 4.804 ;
; B2         ; hex1        ; 4.863 ; 4.863 ; 4.863 ; 4.863 ;
; B2         ; hex2        ; 4.757 ; 4.757 ; 4.757 ; 4.757 ;
; B2         ; hex3        ; 4.752 ; 4.752 ; 4.752 ; 4.752 ;
; B2         ; hex4        ; 4.834 ; 4.834 ; 4.834 ; 4.834 ;
; B2         ; hex5        ; 4.882 ; 4.882 ; 4.882 ; 4.882 ;
; B2         ; hex6        ; 4.882 ; 4.882 ; 4.882 ; 4.882 ;
; B2         ; hex13       ; 4.853 ; 4.853 ; 4.853 ; 4.853 ;
; B3         ; B3out       ; 2.886 ;       ;       ; 2.886 ;
; B3         ; Cout        ; 3.207 ; 3.207 ; 3.207 ; 3.207 ;
; B3         ; OVR         ; 3.217 ; 3.217 ; 3.217 ; 3.217 ;
; B3         ; R3          ; 4.213 ; 4.213 ; 4.213 ; 4.213 ;
; B3         ; hex0        ; 5.409 ; 5.409 ; 5.409 ; 5.409 ;
; B3         ; hex1        ; 5.484 ; 5.484 ; 5.484 ; 5.484 ;
; B3         ; hex2        ; 5.368 ; 5.368 ; 5.368 ; 5.368 ;
; B3         ; hex5        ; 5.507 ; 5.507 ; 5.507 ; 5.507 ;
; B3         ; hex6        ; 5.506 ; 5.506 ; 5.506 ; 5.506 ;
; B3         ; hex13       ; 5.046 ; 5.046 ; 5.046 ; 5.046 ;
; S0         ; Cout        ; 3.641 ; 3.641 ; 3.641 ; 3.641 ;
; S0         ; OVR         ; 3.644 ; 3.644 ; 3.644 ; 3.644 ;
; S0         ; R0          ; 3.498 ; 3.498 ; 3.498 ; 3.498 ;
; S0         ; R1          ; 3.394 ; 3.394 ; 3.394 ; 3.394 ;
; S0         ; R2          ; 3.497 ; 3.497 ; 3.497 ; 3.497 ;
; S0         ; R3          ; 4.720 ; 4.720 ; 4.720 ; 4.720 ;
; S0         ; S0out       ; 3.228 ;       ;       ; 3.228 ;
; S0         ; hex0        ; 5.027 ; 5.027 ; 5.027 ; 5.027 ;
; S0         ; hex1        ; 5.092 ; 5.092 ; 5.092 ; 5.092 ;
; S0         ; hex2        ; 4.980 ; 4.980 ; 4.980 ; 4.980 ;
; S0         ; hex3        ; 4.982 ; 4.982 ; 4.982 ; 4.982 ;
; S0         ; hex4        ; 5.062 ; 5.062 ; 5.062 ; 5.062 ;
; S0         ; hex5        ; 5.111 ; 5.111 ; 5.111 ; 5.111 ;
; S0         ; hex6        ; 5.110 ; 5.110 ; 5.110 ; 5.110 ;
; S0         ; hex13       ; 5.553 ; 5.553 ; 5.553 ; 5.553 ;
; S1         ; R0          ; 3.477 ; 3.477 ; 3.477 ; 3.477 ;
; S1         ; R1          ; 3.453 ; 3.453 ; 3.453 ; 3.453 ;
; S1         ; R2          ; 3.476 ; 3.476 ; 3.476 ; 3.476 ;
; S1         ; R3          ; 4.537 ; 4.537 ; 4.537 ; 4.537 ;
; S1         ; S1out       ; 3.042 ;       ;       ; 3.042 ;
; S1         ; hex0        ; 5.006 ; 5.006 ; 5.006 ; 5.006 ;
; S1         ; hex1        ; 5.071 ; 5.071 ; 5.071 ; 5.071 ;
; S1         ; hex2        ; 4.959 ; 4.959 ; 4.959 ; 4.959 ;
; S1         ; hex3        ; 4.961 ; 4.961 ; 4.961 ; 4.961 ;
; S1         ; hex4        ; 5.041 ; 5.041 ; 5.041 ; 5.041 ;
; S1         ; hex5        ; 5.090 ; 5.090 ; 5.090 ; 5.090 ;
; S1         ; hex6        ; 5.089 ; 5.089 ; 5.089 ; 5.089 ;
; S1         ; hex13       ; 5.370 ; 5.370 ; 5.370 ; 5.370 ;
+------------+-------------+-------+-------+-------+-------+


-------------------
; Clock Transfers ;
-------------------
Nothing to report.


---------------
; Report TCCS ;
---------------
No dedicated SERDES Transmitter circuitry present in device or used in design


---------------
; Report RSKM ;
---------------
No dedicated SERDES Receiver circuitry present in device or used in design


+------------------------------------------------+
; Unconstrained Paths                            ;
+---------------------------------+-------+------+
; Property                        ; Setup ; Hold ;
+---------------------------------+-------+------+
; Illegal Clocks                  ; 0     ; 0    ;
; Unconstrained Clocks            ; 0     ; 0    ;
; Unconstrained Input Ports       ; 10    ; 10   ;
; Unconstrained Input Port Paths  ; 132   ; 132  ;
; Unconstrained Output Ports      ; 24    ; 24   ;
; Unconstrained Output Port Paths ; 132   ; 132  ;
+---------------------------------+-------+------+


+------------------------------------+
; TimeQuest Timing Analyzer Messages ;
+------------------------------------+
Info: *******************************************************************
Info: Running Quartus II 64-Bit TimeQuest Timing Analyzer
    Info: Version 13.0.1 Build 232 06/12/2013 Service Pack 1 SJ Web Edition
    Info: Processing started: Sun Oct 18 14:18:23 2020
Info: Command: quartus_sta Lab7 -c Lab7
Info: qsta_default_script.tcl version: #1
Warning (20028): Parallel compilation is not licensed and has been disabled
Info (21077): Low junction temperature is 0 degrees C
Info (21077): High junction temperature is 85 degrees C
Critical Warning (332012): Synopsys Design Constraints File file not found: 'Lab7.sdc'. A Synopsys Design Constraints File is required by the TimeQuest Timing Analyzer to get proper timing constraints. Without it, the Compiler will not properly optimize the design.
Info (332142): No user constrained base clocks found in the design. Calling "derive_clocks -period 1.0"
Info (332096): The command derive_clocks did not find any clocks to derive.  No clocks were created or changed.
Warning (332068): No clocks defined in design.
Info: Found TIMEQUEST_REPORT_SCRIPT_INCLUDE_DEFAULT_ANALYSIS = ON
Info (332159): No clocks to report
Info: Analyzing Slow Model
Info (332140): No fmax paths to report
Info (332140): No Setup paths to report
Info (332140): No Hold paths to report
Info (332140): No Recovery paths to report
Info (332140): No Removal paths to report
Info (332140): No Minimum Pulse Width paths to report
Info (332001): The selected device family is not supported by the report_metastability command.
Info: Analyzing Fast Model
Info (332142): No user constrained base clocks found in the design. Calling "derive_clocks -period 1.0"
Info (332096): The command derive_clocks did not find any clocks to derive.  No clocks were created or changed.
Warning (332068): No clocks defined in design.
Info (332140): No Setup paths to report
Info (332140): No Hold paths to report
Info (332140): No Recovery paths to report
Info (332140): No Removal paths to report
Info (332140): No Minimum Pulse Width paths to report
Info (332001): The selected device family is not supported by the report_metastability command.
Info (332102): Design is not fully constrained for setup requirements
Info (332102): Design is not fully constrained for hold requirements
Info: Quartus II 64-Bit TimeQuest Timing Analyzer was successful. 0 errors, 4 warnings
    Info: Peak virtual memory: 4536 megabytes
    Info: Processing ended: Sun Oct 18 14:18:23 2020
    Info: Elapsed time: 00:00:00
    Info: Total CPU time (on all processors): 00:00:01


