Analysis & Synthesis report for CSE2441Project
Mon Nov 30 22:57:10 2020
Quartus II 64-Bit Version 13.0.1 Build 232 06/12/2013 Service Pack 1 SJ Web Edition


---------------------
; Table of Contents ;
---------------------
  1. Legal Notice
  2. Analysis & Synthesis Summary
  3. Analysis & Synthesis Settings
  4. Parallel Compilation
  5. Analysis & Synthesis Source Files Read
  6. Analysis & Synthesis Resource Usage Summary
  7. Analysis & Synthesis Resource Utilization by Entity
  8. Analysis & Synthesis RAM Summary
  9. Analysis & Synthesis IP Cores Summary
 10. State Machine - |CSE2441Project|CU:inst1|triscFSM1:inst2|state
 11. User-Specified and Inferred Latches
 12. Registers Removed During Synthesis
 13. General Register Statistics
 14. Source assignments for TRISCRAMfall2020:inst|altsyncram:altsyncram_component|altsyncram_7vc1:auto_generated
 15. Parameter Settings for User Entity Instance: CU:inst1|triscFSM1:inst2
 16. Parameter Settings for User Entity Instance: TRISCRAMfall2020:inst|altsyncram:altsyncram_component
 17. altsyncram Parameter Settings by Entity Instance
 18. Elapsed Time Per Partition
 19. Analysis & Synthesis Messages



----------------
; Legal Notice ;
----------------
Copyright (C) 1991-2013 Altera Corporation
Your use of Altera Corporation's design tools, logic functions 
and other software and tools, and its AMPP partner logic 
functions, and any output files from any of the foregoing 
(including device programming or simulation files), and any 
associated documentation or information are expressly subject 
to the terms and conditions of the Altera Program License 
Subscription Agreement, Altera MegaCore Function License 
Agreement, or other applicable license agreement, including, 
without limitation, that your use is for the sole purpose of 
programming logic devices manufactured by Altera and sold by 
Altera or its authorized distributors.  Please refer to the 
applicable agreement for further details.



+--------------------------------------------------------------------------------------+
; Analysis & Synthesis Summary                                                         ;
+------------------------------------+-------------------------------------------------+
; Analysis & Synthesis Status        ; Successful - Mon Nov 30 22:57:10 2020           ;
; Quartus II 64-Bit Version          ; 13.0.1 Build 232 06/12/2013 SP 1 SJ Web Edition ;
; Revision Name                      ; CSE2441Project                                  ;
; Top-level Entity Name              ; CSE2441Project                                  ;
; Family                             ; Cyclone II                                      ;
; Total logic elements               ; 151                                             ;
;     Total combinational functions  ; 146                                             ;
;     Dedicated logic registers      ; 37                                              ;
; Total registers                    ; 37                                              ;
; Total pins                         ; 44                                              ;
; Total virtual pins                 ; 0                                               ;
; Total memory bits                  ; 128                                             ;
; Embedded Multiplier 9-bit elements ; 0                                               ;
; Total PLLs                         ; 0                                               ;
+------------------------------------+-------------------------------------------------+


+----------------------------------------------------------------------------------------------------------------------+
; Analysis & Synthesis Settings                                                                                        ;
+----------------------------------------------------------------------------+--------------------+--------------------+
; Option                                                                     ; Setting            ; Default Value      ;
+----------------------------------------------------------------------------+--------------------+--------------------+
; Device                                                                     ; EP2C20F484C7       ;                    ;
; Top-level entity name                                                      ; CSE2441Project     ; CSE2441Project     ;
; Family name                                                                ; Cyclone II         ; Cyclone IV GX      ;
; Use smart compilation                                                      ; Off                ; Off                ;
; Enable parallel Assembler and TimeQuest Timing Analyzer during compilation ; On                 ; On                 ;
; Enable compact report table                                                ; Off                ; Off                ;
; Restructure Multiplexers                                                   ; Auto               ; Auto               ;
; Create Debugging Nodes for IP Cores                                        ; Off                ; Off                ;
; Preserve fewer node names                                                  ; On                 ; On                 ;
; Disable OpenCore Plus hardware evaluation                                  ; Off                ; Off                ;
; Verilog Version                                                            ; Verilog_2001       ; Verilog_2001       ;
; VHDL Version                                                               ; VHDL_1993          ; VHDL_1993          ;
; State Machine Processing                                                   ; Auto               ; Auto               ;
; Safe State Machine                                                         ; Off                ; Off                ;
; Extract Verilog State Machines                                             ; On                 ; On                 ;
; Extract VHDL State Machines                                                ; On                 ; On                 ;
; Ignore Verilog initial constructs                                          ; Off                ; Off                ;
; Iteration limit for constant Verilog loops                                 ; 5000               ; 5000               ;
; Iteration limit for non-constant Verilog loops                             ; 250                ; 250                ;
; Add Pass-Through Logic to Inferred RAMs                                    ; On                 ; On                 ;
; Infer RAMs from Raw Logic                                                  ; On                 ; On                 ;
; Parallel Synthesis                                                         ; On                 ; On                 ;
; DSP Block Balancing                                                        ; Auto               ; Auto               ;
; NOT Gate Push-Back                                                         ; On                 ; On                 ;
; Power-Up Don't Care                                                        ; On                 ; On                 ;
; Remove Redundant Logic Cells                                               ; Off                ; Off                ;
; Remove Duplicate Registers                                                 ; On                 ; On                 ;
; Ignore CARRY Buffers                                                       ; Off                ; Off                ;
; Ignore CASCADE Buffers                                                     ; Off                ; Off                ;
; Ignore GLOBAL Buffers                                                      ; Off                ; Off                ;
; Ignore ROW GLOBAL Buffers                                                  ; Off                ; Off                ;
; Ignore LCELL Buffers                                                       ; Off                ; Off                ;
; Ignore SOFT Buffers                                                        ; On                 ; On                 ;
; Limit AHDL Integers to 32 Bits                                             ; Off                ; Off                ;
; Optimization Technique                                                     ; Balanced           ; Balanced           ;
; Carry Chain Length                                                         ; 70                 ; 70                 ;
; Auto Carry Chains                                                          ; On                 ; On                 ;
; Auto Open-Drain Pins                                                       ; On                 ; On                 ;
; Perform WYSIWYG Primitive Resynthesis                                      ; Off                ; Off                ;
; Auto ROM Replacement                                                       ; On                 ; On                 ;
; Auto RAM Replacement                                                       ; On                 ; On                 ;
; Auto Shift Register Replacement                                            ; Auto               ; Auto               ;
; Allow Shift Register Merging across Hierarchies                            ; Auto               ; Auto               ;
; Auto Clock Enable Replacement                                              ; On                 ; On                 ;
; Strict RAM Replacement                                                     ; Off                ; Off                ;
; Allow Synchronous Control Signals                                          ; On                 ; On                 ;
; Force Use of Synchronous Clear Signals                                     ; Off                ; Off                ;
; Auto RAM to Logic Cell Conversion                                          ; Off                ; Off                ;
; Auto Resource Sharing                                                      ; Off                ; Off                ;
; Allow Any RAM Size For Recognition                                         ; Off                ; Off                ;
; Allow Any ROM Size For Recognition                                         ; Off                ; Off                ;
; Allow Any Shift Register Size For Recognition                              ; Off                ; Off                ;
; Use LogicLock Constraints during Resource Balancing                        ; On                 ; On                 ;
; Ignore translate_off and synthesis_off directives                          ; Off                ; Off                ;
; Timing-Driven Synthesis                                                    ; Off                ; Off                ;
; Report Parameter Settings                                                  ; On                 ; On                 ;
; Report Source Assignments                                                  ; On                 ; On                 ;
; Report Connectivity Checks                                                 ; On                 ; On                 ;
; Ignore Maximum Fan-Out Assignments                                         ; Off                ; Off                ;
; Synchronization Register Chain Length                                      ; 2                  ; 2                  ;
; PowerPlay Power Optimization                                               ; Normal compilation ; Normal compilation ;
; HDL message level                                                          ; Level2             ; Level2             ;
; Suppress Register Optimization Related Messages                            ; Off                ; Off                ;
; Number of Removed Registers Reported in Synthesis Report                   ; 5000               ; 5000               ;
; Number of Swept Nodes Reported in Synthesis Report                         ; 5000               ; 5000               ;
; Number of Inverted Registers Reported in Synthesis Report                  ; 100                ; 100                ;
; Clock MUX Protection                                                       ; On                 ; On                 ;
; Auto Gated Clock Conversion                                                ; Off                ; Off                ;
; Block Design Naming                                                        ; Auto               ; Auto               ;
; SDC constraint protection                                                  ; Off                ; Off                ;
; Synthesis Effort                                                           ; Auto               ; Auto               ;
; Shift Register Replacement - Allow Asynchronous Clear Signal               ; On                 ; On                 ;
; Pre-Mapping Resynthesis Optimization                                       ; Off                ; Off                ;
; Analysis & Synthesis Message Level                                         ; Medium             ; Medium             ;
; Disable Register Merging Across Hierarchies                                ; Auto               ; Auto               ;
; Resource Aware Inference For Block RAM                                     ; On                 ; On                 ;
; Synthesis Seed                                                             ; 1                  ; 1                  ;
+----------------------------------------------------------------------------+--------------------+--------------------+


Parallel compilation was disabled, but you have multiple processors available. Enable parallel compilation to reduce compilation time.
+-------------------------------------+
; Parallel Compilation                ;
+----------------------------+--------+
; Processors                 ; Number ;
+----------------------------+--------+
; Number detected on machine ; 12     ;
; Maximum allowed            ; 1      ;
+----------------------------+--------+


+--------------------------------------------------------------------------------------------------------------------------------------------------------------------------------------------------------+
; Analysis & Synthesis Source Files Read                                                                                                                                                                 ;
+------------------------------------------------+-----------------+------------------------------------+--------------------------------------------------------------------------------------+---------+
; File Name with User-Entered Path               ; Used in Netlist ; File Type                          ; File Name with Absolute Path                                                         ; Library ;
+------------------------------------------------+-----------------+------------------------------------+--------------------------------------------------------------------------------------+---------+
; ../FourBitTo7SegDisplay/FourBitTo7SegDisplay.v ; yes             ; User Verilog HDL File              ; C:/Users/Levi-Ryzen/Documents/Quartus_II/FourBitTo7SegDisplay/FourBitTo7SegDisplay.v ;         ;
; ../FullAdder/FullAdder.bdf                     ; yes             ; User Block Diagram/Schematic File  ; C:/Users/Levi-Ryzen/Documents/Quartus_II/FullAdder/FullAdder.bdf                     ;         ;
; ../RippleCarryAdder/RippleCarryAdder.bdf       ; yes             ; User Block Diagram/Schematic File  ; C:/Users/Levi-Ryzen/Documents/Quartus_II/RippleCarryAdder/RippleCarryAdder.bdf       ;         ;
; ../AdderSubtractor/AdderSubtractor.bdf         ; yes             ; User Block Diagram/Schematic File  ; C:/Users/Levi-Ryzen/Documents/Quartus_II/AdderSubtractor/AdderSubtractor.bdf         ;         ;
; ../ID/ID.v                                     ; yes             ; User Verilog HDL File              ; C:/Users/Levi-Ryzen/Documents/Quartus_II/ID/ID.v                                     ;         ;
; ../AddrSelector/AddrSelector.bdf               ; yes             ; User Block Diagram/Schematic File  ; C:/Users/Levi-Ryzen/Documents/Quartus_II/AddrSelector/AddrSelector.bdf               ;         ;
; ../PC/PC.bdf                                   ; yes             ; User Block Diagram/Schematic File  ; C:/Users/Levi-Ryzen/Documents/Quartus_II/PC/PC.bdf                                   ;         ;
; ../4BitCounter/4BitCounter.bdf                 ; yes             ; User Block Diagram/Schematic File  ; C:/Users/Levi-Ryzen/Documents/Quartus_II/4BitCounter/4BitCounter.bdf                 ;         ;
; ../ACC/ACC.bdf                                 ; yes             ; User Block Diagram/Schematic File  ; C:/Users/Levi-Ryzen/Documents/Quartus_II/ACC/ACC.bdf                                 ;         ;
; ../BR/BR.bdf                                   ; yes             ; User Block Diagram/Schematic File  ; C:/Users/Levi-Ryzen/Documents/Quartus_II/BR/BR.bdf                                   ;         ;
; ../4BitALU/4BitALU.bdf                         ; yes             ; User Block Diagram/Schematic File  ; C:/Users/Levi-Ryzen/Documents/Quartus_II/4BitALU/4BitALU.bdf                         ;         ;
; ../RegisterPIPO75/RegisterPIPO75.bdf           ; yes             ; User Block Diagram/Schematic File  ; C:/Users/Levi-Ryzen/Documents/Quartus_II/RegisterPIPO75/RegisterPIPO75.bdf           ;         ;
; ../triscFSM1/triscFSM1.v                       ; yes             ; User Verilog HDL File              ; C:/Users/Levi-Ryzen/Documents/Quartus_II/triscFSM1/triscFSM1.v                       ;         ;
; ../IR/IR.bdf                                   ; yes             ; User Block Diagram/Schematic File  ; C:/Users/Levi-Ryzen/Documents/Quartus_II/IR/IR.bdf                                   ;         ;
; ../CU/CU.bdf                                   ; yes             ; User Block Diagram/Schematic File  ; C:/Users/Levi-Ryzen/Documents/Quartus_II/CU/CU.bdf                                   ;         ;
; ../TRISCRAMfall2020/TRISCRAMfall2020.v         ; yes             ; User Wizard-Generated File         ; C:/Users/Levi-Ryzen/Documents/Quartus_II/TRISCRAMfall2020/TRISCRAMfall2020.v         ;         ;
; CSE2441Project.bdf                             ; yes             ; User Block Diagram/Schematic File  ; C:/Users/Levi-Ryzen/Documents/Quartus_II/CSE2441Project/CSE2441Project.bdf           ;         ;
; 74175.bdf                                      ; yes             ; Megafunction                       ; c:/altera/13.0sp1/quartus/libraries/others/maxplus2/74175.bdf                        ;         ;
; altsyncram.tdf                                 ; yes             ; Megafunction                       ; c:/altera/13.0sp1/quartus/libraries/megafunctions/altsyncram.tdf                     ;         ;
; stratix_ram_block.inc                          ; yes             ; Megafunction                       ; c:/altera/13.0sp1/quartus/libraries/megafunctions/stratix_ram_block.inc              ;         ;
; lpm_mux.inc                                    ; yes             ; Megafunction                       ; c:/altera/13.0sp1/quartus/libraries/megafunctions/lpm_mux.inc                        ;         ;
; lpm_decode.inc                                 ; yes             ; Megafunction                       ; c:/altera/13.0sp1/quartus/libraries/megafunctions/lpm_decode.inc                     ;         ;
; aglobal130.inc                                 ; yes             ; Megafunction                       ; c:/altera/13.0sp1/quartus/libraries/megafunctions/aglobal130.inc                     ;         ;
; a_rdenreg.inc                                  ; yes             ; Megafunction                       ; c:/altera/13.0sp1/quartus/libraries/megafunctions/a_rdenreg.inc                      ;         ;
; altrom.inc                                     ; yes             ; Megafunction                       ; c:/altera/13.0sp1/quartus/libraries/megafunctions/altrom.inc                         ;         ;
; altram.inc                                     ; yes             ; Megafunction                       ; c:/altera/13.0sp1/quartus/libraries/megafunctions/altram.inc                         ;         ;
; altdpram.inc                                   ; yes             ; Megafunction                       ; c:/altera/13.0sp1/quartus/libraries/megafunctions/altdpram.inc                       ;         ;
; db/altsyncram_7vc1.tdf                         ; yes             ; Auto-Generated Megafunction        ; C:/Users/Levi-Ryzen/Documents/Quartus_II/CSE2441Project/db/altsyncram_7vc1.tdf       ;         ;
; 74157.bdf                                      ; yes             ; Megafunction                       ; c:/altera/13.0sp1/quartus/libraries/others/maxplus2/74157.bdf                        ;         ;
; 74193.bdf                                      ; yes             ; Megafunction                       ; c:/altera/13.0sp1/quartus/libraries/others/maxplus2/74193.bdf                        ;         ;
+------------------------------------------------+-----------------+------------------------------------+--------------------------------------------------------------------------------------+---------+


+--------------------------------------------------------------------------------+
; Analysis & Synthesis Resource Usage Summary                                    ;
+---------------------------------------------+----------------------------------+
; Resource                                    ; Usage                            ;
+---------------------------------------------+----------------------------------+
; Estimated Total logic elements              ; 151                              ;
;                                             ;                                  ;
; Total combinational functions               ; 146                              ;
; Logic element usage by number of LUT inputs ;                                  ;
;     -- 4 input functions                    ; 61                               ;
;     -- 3 input functions                    ; 57                               ;
;     -- <=2 input functions                  ; 28                               ;
;                                             ;                                  ;
; Logic elements by mode                      ;                                  ;
;     -- normal mode                          ; 146                              ;
;     -- arithmetic mode                      ; 0                                ;
;                                             ;                                  ;
; Total registers                             ; 37                               ;
;     -- Dedicated logic registers            ; 37                               ;
;     -- I/O registers                        ; 0                                ;
;                                             ;                                  ;
; I/O pins                                    ; 44                               ;
; Total memory bits                           ; 128                              ;
; Embedded Multiplier 9-bit elements          ; 0                                ;
; Maximum fan-out node                        ; CU:inst1|triscFSM1:inst2|state.E ;
; Maximum fan-out                             ; 23                               ;
; Total fan-out                               ; 671                              ;
; Average fan-out                             ; 2.86                             ;
+---------------------------------------------+----------------------------------+


+-----------------------------------------------------------------------------------------------------------------------------------------------------------------------------------------------------------------------------------------------------------------------------+
; Analysis & Synthesis Resource Utilization by Entity                                                                                                                                                                                                                         ;
+-------------------------------------------+-------------------+--------------+-------------+--------------+---------+-----------+------+--------------+------------------------------------------------------------------------------------------------------+--------------+
; Compilation Hierarchy Node                ; LC Combinationals ; LC Registers ; Memory Bits ; DSP Elements ; DSP 9x9 ; DSP 18x18 ; Pins ; Virtual Pins ; Full Hierarchy Name                                                                                  ; Library Name ;
+-------------------------------------------+-------------------+--------------+-------------+--------------+---------+-----------+------+--------------+------------------------------------------------------------------------------------------------------+--------------+
; |CSE2441Project                           ; 146 (2)           ; 37 (0)       ; 128         ; 0            ; 0       ; 0         ; 44   ; 0            ; |CSE2441Project                                                                                      ; work         ;
;    |4BitALU:inst3|                        ; 6 (0)             ; 0 (0)        ; 0           ; 0            ; 0       ; 0         ; 0    ; 0            ; |CSE2441Project|4BitALU:inst3                                                                        ; work         ;
;       |AdderSubtractor:inst|              ; 6 (0)             ; 0 (0)        ; 0           ; 0            ; 0       ; 0         ; 0    ; 0            ; |CSE2441Project|4BitALU:inst3|AdderSubtractor:inst                                                   ; work         ;
;          |RippleCarryAdder:inst|          ; 6 (0)             ; 0 (0)        ; 0           ; 0            ; 0       ; 0         ; 0    ; 0            ; |CSE2441Project|4BitALU:inst3|AdderSubtractor:inst|RippleCarryAdder:inst                             ; work         ;
;             |FullAdder:inst2|             ; 2 (2)             ; 0 (0)        ; 0           ; 0            ; 0       ; 0         ; 0    ; 0            ; |CSE2441Project|4BitALU:inst3|AdderSubtractor:inst|RippleCarryAdder:inst|FullAdder:inst2             ; work         ;
;             |FullAdder:inst3|             ; 1 (1)             ; 0 (0)        ; 0           ; 0            ; 0       ; 0         ; 0    ; 0            ; |CSE2441Project|4BitALU:inst3|AdderSubtractor:inst|RippleCarryAdder:inst|FullAdder:inst3             ; work         ;
;             |FullAdder:inst4|             ; 2 (2)             ; 0 (0)        ; 0           ; 0            ; 0       ; 0         ; 0    ; 0            ; |CSE2441Project|4BitALU:inst3|AdderSubtractor:inst|RippleCarryAdder:inst|FullAdder:inst4             ; work         ;
;             |FullAdder:inst|              ; 1 (1)             ; 0 (0)        ; 0           ; 0            ; 0       ; 0         ; 0    ; 0            ; |CSE2441Project|4BitALU:inst3|AdderSubtractor:inst|RippleCarryAdder:inst|FullAdder:inst              ; work         ;
;    |ACC:inst5|                            ; 31 (0)            ; 4 (0)        ; 0           ; 0            ; 0       ; 0         ; 0    ; 0            ; |CSE2441Project|ACC:inst5                                                                            ; work         ;
;       |4BitCounter:inst|                  ; 27 (0)            ; 4 (0)        ; 0           ; 0            ; 0       ; 0         ; 0    ; 0            ; |CSE2441Project|ACC:inst5|4BitCounter:inst                                                           ; work         ;
;          |74193:inst|                     ; 27 (27)           ; 4 (4)        ; 0           ; 0            ; 0       ; 0         ; 0    ; 0            ; |CSE2441Project|ACC:inst5|4BitCounter:inst|74193:inst                                                ; work         ;
;       |74157:inst2|                       ; 4 (4)             ; 0 (0)        ; 0           ; 0            ; 0       ; 0         ; 0    ; 0            ; |CSE2441Project|ACC:inst5|74157:inst2                                                                ; work         ;
;    |AddrSelector:inst7|                   ; 4 (0)             ; 0 (0)        ; 0           ; 0            ; 0       ; 0         ; 0    ; 0            ; |CSE2441Project|AddrSelector:inst7                                                                   ; work         ;
;       |74157:inst|                        ; 4 (4)             ; 0 (0)        ; 0           ; 0            ; 0       ; 0         ; 0    ; 0            ; |CSE2441Project|AddrSelector:inst7|74157:inst                                                        ; work         ;
;    |BR:inst4|                             ; 0 (0)             ; 4 (0)        ; 0           ; 0            ; 0       ; 0         ; 0    ; 0            ; |CSE2441Project|BR:inst4                                                                             ; work         ;
;       |RegisterPIPO75:inst|               ; 0 (0)             ; 4 (0)        ; 0           ; 0            ; 0       ; 0         ; 0    ; 0            ; |CSE2441Project|BR:inst4|RegisterPIPO75:inst                                                         ; work         ;
;          |74175:inst|                     ; 0 (0)             ; 4 (4)        ; 0           ; 0            ; 0       ; 0         ; 0    ; 0            ; |CSE2441Project|BR:inst4|RegisterPIPO75:inst|74175:inst                                              ; work         ;
;    |CU:inst1|                             ; 48 (0)            ; 21 (0)       ; 0           ; 0            ; 0       ; 0         ; 0    ; 0            ; |CSE2441Project|CU:inst1                                                                             ; work         ;
;       |ID:inst1|                          ; 5 (5)             ; 0 (0)        ; 0           ; 0            ; 0       ; 0         ; 0    ; 0            ; |CSE2441Project|CU:inst1|ID:inst1                                                                    ; work         ;
;       |triscFSM1:inst2|                   ; 43 (43)           ; 21 (21)      ; 0           ; 0            ; 0       ; 0         ; 0    ; 0            ; |CSE2441Project|CU:inst1|triscFSM1:inst2                                                             ; work         ;
;    |FourBitTo7SegDisplay:inst10|          ; 7 (7)             ; 0 (0)        ; 0           ; 0            ; 0       ; 0         ; 0    ; 0            ; |CSE2441Project|FourBitTo7SegDisplay:inst10                                                          ; work         ;
;    |FourBitTo7SegDisplay:inst11|          ; 7 (7)             ; 0 (0)        ; 0           ; 0            ; 0       ; 0         ; 0    ; 0            ; |CSE2441Project|FourBitTo7SegDisplay:inst11                                                          ; work         ;
;    |FourBitTo7SegDisplay:inst8|           ; 7 (7)             ; 0 (0)        ; 0           ; 0            ; 0       ; 0         ; 0    ; 0            ; |CSE2441Project|FourBitTo7SegDisplay:inst8                                                           ; work         ;
;    |FourBitTo7SegDisplay:inst9|           ; 7 (7)             ; 0 (0)        ; 0           ; 0            ; 0       ; 0         ; 0    ; 0            ; |CSE2441Project|FourBitTo7SegDisplay:inst9                                                           ; work         ;
;    |IR:inst2|                             ; 0 (0)             ; 4 (0)        ; 0           ; 0            ; 0       ; 0         ; 0    ; 0            ; |CSE2441Project|IR:inst2                                                                             ; work         ;
;       |RegisterPIPO75:inst|               ; 0 (0)             ; 4 (0)        ; 0           ; 0            ; 0       ; 0         ; 0    ; 0            ; |CSE2441Project|IR:inst2|RegisterPIPO75:inst                                                         ; work         ;
;          |74175:inst|                     ; 0 (0)             ; 4 (4)        ; 0           ; 0            ; 0       ; 0         ; 0    ; 0            ; |CSE2441Project|IR:inst2|RegisterPIPO75:inst|74175:inst                                              ; work         ;
;    |PC:inst6|                             ; 27 (0)            ; 4 (0)        ; 0           ; 0            ; 0       ; 0         ; 0    ; 0            ; |CSE2441Project|PC:inst6                                                                             ; work         ;
;       |4BitCounter:inst|                  ; 27 (0)            ; 4 (0)        ; 0           ; 0            ; 0       ; 0         ; 0    ; 0            ; |CSE2441Project|PC:inst6|4BitCounter:inst                                                            ; work         ;
;          |74193:inst|                     ; 27 (27)           ; 4 (4)        ; 0           ; 0            ; 0       ; 0         ; 0    ; 0            ; |CSE2441Project|PC:inst6|4BitCounter:inst|74193:inst                                                 ; work         ;
;    |TRISCRAMfall2020:inst|                ; 0 (0)             ; 0 (0)        ; 128         ; 0            ; 0       ; 0         ; 0    ; 0            ; |CSE2441Project|TRISCRAMfall2020:inst                                                                ; work         ;
;       |altsyncram:altsyncram_component|   ; 0 (0)             ; 0 (0)        ; 128         ; 0            ; 0       ; 0         ; 0    ; 0            ; |CSE2441Project|TRISCRAMfall2020:inst|altsyncram:altsyncram_component                                ; work         ;
;          |altsyncram_7vc1:auto_generated| ; 0 (0)             ; 0 (0)        ; 128         ; 0            ; 0       ; 0         ; 0    ; 0            ; |CSE2441Project|TRISCRAMfall2020:inst|altsyncram:altsyncram_component|altsyncram_7vc1:auto_generated ; work         ;
+-------------------------------------------+-------------------+--------------+-------------+--------------+---------+-----------+------+--------------+------------------------------------------------------------------------------------------------------+--------------+
Note: For table entries with two numbers listed, the numbers in parentheses indicate the number of resources of the given type used by the specific entity alone. The numbers listed outside of parentheses indicate the total resources of the given type used by the specific entity and all of its sub-entities in the hierarchy.


+----------------------------------------------------------------------------------------------------------------------------------------------------------------------------------------------------------------+
; Analysis & Synthesis RAM Summary                                                                                                                                                                               ;
+-------------------------------------------------------------------------------------------------+------+-------------+--------------+--------------+--------------+--------------+------+----------------------+
; Name                                                                                            ; Type ; Mode        ; Port A Depth ; Port A Width ; Port B Depth ; Port B Width ; Size ; MIF                  ;
+-------------------------------------------------------------------------------------------------+------+-------------+--------------+--------------+--------------+--------------+------+----------------------+
; TRISCRAMfall2020:inst|altsyncram:altsyncram_component|altsyncram_7vc1:auto_generated|ALTSYNCRAM ; AUTO ; Single Port ; 16           ; 8            ; --           ; --           ; 128  ; TRISCRAMfall2020.mif ;
+-------------------------------------------------------------------------------------------------+------+-------------+--------------+--------------+--------------+--------------+------+----------------------+


+--------------------------------------------------------------------------------------------------------------------------------------------------------------------------------------+
; Analysis & Synthesis IP Cores Summary                                                                                                                                                ;
+--------+--------------+---------+--------------+--------------+---------------------------------------+------------------------------------------------------------------------------+
; Vendor ; IP Core Name ; Version ; Release Date ; License Type ; Entity Instance                       ; IP Include File                                                              ;
+--------+--------------+---------+--------------+--------------+---------------------------------------+------------------------------------------------------------------------------+
; Altera ; RAM: 1-PORT  ; N/A     ; N/A          ; N/A          ; |CSE2441Project|TRISCRAMfall2020:inst ; C:/Users/Levi-Ryzen/Documents/Quartus_II/TRISCRAMfall2020/TRISCRAMfall2020.v ;
+--------+--------------+---------+--------------+--------------+---------------------------------------+------------------------------------------------------------------------------+


Encoding Type:  One-Hot
+---------------------------------------------------------------------------------------------------------------------------------------------------------------------------------------------------------------------------+
; State Machine - |CSE2441Project|CU:inst1|triscFSM1:inst2|state                                                                                                                                                            ;
+---------+---------+---------+---------+---------+---------+---------+---------+---------+---------+---------+---------+---------+---------+---------+---------+---------+---------+---------+---------+---------+---------+
; Name    ; state.U ; state.T ; state.S ; state.R ; state.Q ; state.P ; state.O ; state.N ; state.M ; state.L ; state.K ; state.J ; state.I ; state.H ; state.G ; state.F ; state.E ; state.D ; state.C ; state.B ; state.A ;
+---------+---------+---------+---------+---------+---------+---------+---------+---------+---------+---------+---------+---------+---------+---------+---------+---------+---------+---------+---------+---------+---------+
; state.A ; 0       ; 0       ; 0       ; 0       ; 0       ; 0       ; 0       ; 0       ; 0       ; 0       ; 0       ; 0       ; 0       ; 0       ; 0       ; 0       ; 0       ; 0       ; 0       ; 0       ; 0       ;
; state.B ; 0       ; 0       ; 0       ; 0       ; 0       ; 0       ; 0       ; 0       ; 0       ; 0       ; 0       ; 0       ; 0       ; 0       ; 0       ; 0       ; 0       ; 0       ; 0       ; 1       ; 1       ;
; state.C ; 0       ; 0       ; 0       ; 0       ; 0       ; 0       ; 0       ; 0       ; 0       ; 0       ; 0       ; 0       ; 0       ; 0       ; 0       ; 0       ; 0       ; 0       ; 1       ; 0       ; 1       ;
; state.D ; 0       ; 0       ; 0       ; 0       ; 0       ; 0       ; 0       ; 0       ; 0       ; 0       ; 0       ; 0       ; 0       ; 0       ; 0       ; 0       ; 0       ; 1       ; 0       ; 0       ; 1       ;
; state.E ; 0       ; 0       ; 0       ; 0       ; 0       ; 0       ; 0       ; 0       ; 0       ; 0       ; 0       ; 0       ; 0       ; 0       ; 0       ; 0       ; 1       ; 0       ; 0       ; 0       ; 1       ;
; state.F ; 0       ; 0       ; 0       ; 0       ; 0       ; 0       ; 0       ; 0       ; 0       ; 0       ; 0       ; 0       ; 0       ; 0       ; 0       ; 1       ; 0       ; 0       ; 0       ; 0       ; 1       ;
; state.G ; 0       ; 0       ; 0       ; 0       ; 0       ; 0       ; 0       ; 0       ; 0       ; 0       ; 0       ; 0       ; 0       ; 0       ; 1       ; 0       ; 0       ; 0       ; 0       ; 0       ; 1       ;
; state.H ; 0       ; 0       ; 0       ; 0       ; 0       ; 0       ; 0       ; 0       ; 0       ; 0       ; 0       ; 0       ; 0       ; 1       ; 0       ; 0       ; 0       ; 0       ; 0       ; 0       ; 1       ;
; state.I ; 0       ; 0       ; 0       ; 0       ; 0       ; 0       ; 0       ; 0       ; 0       ; 0       ; 0       ; 0       ; 1       ; 0       ; 0       ; 0       ; 0       ; 0       ; 0       ; 0       ; 1       ;
; state.J ; 0       ; 0       ; 0       ; 0       ; 0       ; 0       ; 0       ; 0       ; 0       ; 0       ; 0       ; 1       ; 0       ; 0       ; 0       ; 0       ; 0       ; 0       ; 0       ; 0       ; 1       ;
; state.K ; 0       ; 0       ; 0       ; 0       ; 0       ; 0       ; 0       ; 0       ; 0       ; 0       ; 1       ; 0       ; 0       ; 0       ; 0       ; 0       ; 0       ; 0       ; 0       ; 0       ; 1       ;
; state.L ; 0       ; 0       ; 0       ; 0       ; 0       ; 0       ; 0       ; 0       ; 0       ; 1       ; 0       ; 0       ; 0       ; 0       ; 0       ; 0       ; 0       ; 0       ; 0       ; 0       ; 1       ;
; state.M ; 0       ; 0       ; 0       ; 0       ; 0       ; 0       ; 0       ; 0       ; 1       ; 0       ; 0       ; 0       ; 0       ; 0       ; 0       ; 0       ; 0       ; 0       ; 0       ; 0       ; 1       ;
; state.N ; 0       ; 0       ; 0       ; 0       ; 0       ; 0       ; 0       ; 1       ; 0       ; 0       ; 0       ; 0       ; 0       ; 0       ; 0       ; 0       ; 0       ; 0       ; 0       ; 0       ; 1       ;
; state.O ; 0       ; 0       ; 0       ; 0       ; 0       ; 0       ; 1       ; 0       ; 0       ; 0       ; 0       ; 0       ; 0       ; 0       ; 0       ; 0       ; 0       ; 0       ; 0       ; 0       ; 1       ;
; state.P ; 0       ; 0       ; 0       ; 0       ; 0       ; 1       ; 0       ; 0       ; 0       ; 0       ; 0       ; 0       ; 0       ; 0       ; 0       ; 0       ; 0       ; 0       ; 0       ; 0       ; 1       ;
; state.Q ; 0       ; 0       ; 0       ; 0       ; 1       ; 0       ; 0       ; 0       ; 0       ; 0       ; 0       ; 0       ; 0       ; 0       ; 0       ; 0       ; 0       ; 0       ; 0       ; 0       ; 1       ;
; state.R ; 0       ; 0       ; 0       ; 1       ; 0       ; 0       ; 0       ; 0       ; 0       ; 0       ; 0       ; 0       ; 0       ; 0       ; 0       ; 0       ; 0       ; 0       ; 0       ; 0       ; 1       ;
; state.S ; 0       ; 0       ; 1       ; 0       ; 0       ; 0       ; 0       ; 0       ; 0       ; 0       ; 0       ; 0       ; 0       ; 0       ; 0       ; 0       ; 0       ; 0       ; 0       ; 0       ; 1       ;
; state.T ; 0       ; 1       ; 0       ; 0       ; 0       ; 0       ; 0       ; 0       ; 0       ; 0       ; 0       ; 0       ; 0       ; 0       ; 0       ; 0       ; 0       ; 0       ; 0       ; 0       ; 1       ;
; state.U ; 1       ; 0       ; 0       ; 0       ; 0       ; 0       ; 0       ; 0       ; 0       ; 0       ; 0       ; 0       ; 0       ; 0       ; 0       ; 0       ; 0       ; 0       ; 0       ; 0       ; 1       ;
+---------+---------+---------+---------+---------+---------+---------+---------+---------+---------+---------+---------+---------+---------+---------+---------+---------+---------+---------+---------+---------+---------+


+--------------------------------------------------------------------------------------------------------------------+
; User-Specified and Inferred Latches                                                                                ;
+-----------------------------------------------------+-------------------------------------+------------------------+
; Latch Name                                          ; Latch Enable Signal                 ; Free of Timing Hazards ;
+-----------------------------------------------------+-------------------------------------+------------------------+
; CU:inst1|triscFSM1:inst2|nextstate.C_815            ; CU:inst1|triscFSM1:inst2|Selector27 ; yes                    ;
; CU:inst1|triscFSM1:inst2|nextstate.D_796            ; CU:inst1|triscFSM1:inst2|Selector27 ; yes                    ;
; CU:inst1|triscFSM1:inst2|nextstate.J_694            ; CU:inst1|triscFSM1:inst2|Selector27 ; yes                    ;
; CU:inst1|triscFSM1:inst2|nextstate.K_675            ; CU:inst1|triscFSM1:inst2|Selector27 ; yes                    ;
; CU:inst1|triscFSM1:inst2|nextstate.M_637            ; GND                                 ; yes                    ;
; CU:inst1|triscFSM1:inst2|nextstate.N_621            ; CU:inst1|triscFSM1:inst2|Selector27 ; yes                    ;
; CU:inst1|triscFSM1:inst2|nextstate.O_602            ; CU:inst1|triscFSM1:inst2|Selector27 ; yes                    ;
; CU:inst1|triscFSM1:inst2|nextstate.Q_567            ; CU:inst1|triscFSM1:inst2|Selector27 ; yes                    ;
; CU:inst1|triscFSM1:inst2|nextstate.R_548            ; CU:inst1|triscFSM1:inst2|Selector27 ; yes                    ;
; CU:inst1|triscFSM1:inst2|nextstate.E_777            ; CU:inst1|triscFSM1:inst2|Selector27 ; yes                    ;
; CU:inst1|triscFSM1:inst2|nextstate.G_742            ; GND                                 ; yes                    ;
; CU:inst1|triscFSM1:inst2|nextstate.F_758            ; GND                                 ; yes                    ;
; CU:inst1|triscFSM1:inst2|nextstate.L_656            ; CU:inst1|triscFSM1:inst2|Selector27 ; yes                    ;
; CU:inst1|triscFSM1:inst2|nextstate.U_491            ; CU:inst1|triscFSM1:inst2|Selector27 ; yes                    ;
; CU:inst1|triscFSM1:inst2|nextstate.S_529            ; CU:inst1|triscFSM1:inst2|Selector27 ; yes                    ;
; CU:inst1|triscFSM1:inst2|nextstate.H_726            ; GND                                 ; yes                    ;
; CU:inst1|triscFSM1:inst2|nextstate.B_834            ; CU:inst1|triscFSM1:inst2|Selector27 ; yes                    ;
; CU:inst1|triscFSM1:inst2|nextstate.I_710            ; GND                                 ; yes                    ;
; CU:inst1|triscFSM1:inst2|nextstate.P_583            ; GND                                 ; yes                    ;
; CU:inst1|triscFSM1:inst2|nextstate.T_510            ; CU:inst1|triscFSM1:inst2|Selector27 ; yes                    ;
; Number of user-specified and inferred latches = 20  ;                                     ;                        ;
+-----------------------------------------------------+-------------------------------------+------------------------+
Note: All latches listed above may not be present at the end of synthesis due to various synthesis optimizations.


+------------------------------------------------------------+
; Registers Removed During Synthesis                         ;
+---------------------------------------+--------------------+
; Register name                         ; Reason for Removal ;
+---------------------------------------+--------------------+
; CU:inst1|triscFSM1:inst2|state~4      ; Lost fanout        ;
; CU:inst1|triscFSM1:inst2|state~5      ; Lost fanout        ;
; CU:inst1|triscFSM1:inst2|state~6      ; Lost fanout        ;
; CU:inst1|triscFSM1:inst2|state~7      ; Lost fanout        ;
; CU:inst1|triscFSM1:inst2|state~8      ; Lost fanout        ;
; Total Number of Removed Registers = 5 ;                    ;
+---------------------------------------+--------------------+


+------------------------------------------------------+
; General Register Statistics                          ;
+----------------------------------------------+-------+
; Statistic                                    ; Value ;
+----------------------------------------------+-------+
; Total registers                              ; 37    ;
; Number of registers using Synchronous Clear  ; 0     ;
; Number of registers using Synchronous Load   ; 0     ;
; Number of registers using Asynchronous Clear ; 33    ;
; Number of registers using Asynchronous Load  ; 0     ;
; Number of registers using Clock Enable       ; 0     ;
; Number of registers using Preset             ; 0     ;
+----------------------------------------------+-------+


+-------------------------------------------------------------------------------------------------------------+
; Source assignments for TRISCRAMfall2020:inst|altsyncram:altsyncram_component|altsyncram_7vc1:auto_generated ;
+---------------------------------+--------------------+------+-----------------------------------------------+
; Assignment                      ; Value              ; From ; To                                            ;
+---------------------------------+--------------------+------+-----------------------------------------------+
; OPTIMIZE_POWER_DURING_SYNTHESIS ; NORMAL_COMPILATION ; -    ; -                                             ;
+---------------------------------+--------------------+------+-----------------------------------------------+


+-----------------------------------------------------------------------+
; Parameter Settings for User Entity Instance: CU:inst1|triscFSM1:inst2 ;
+----------------+-------+----------------------------------------------+
; Parameter Name ; Value ; Type                                         ;
+----------------+-------+----------------------------------------------+
; A              ; 00000 ; Unsigned Binary                              ;
; B              ; 00001 ; Unsigned Binary                              ;
; C              ; 00010 ; Unsigned Binary                              ;
; D              ; 00011 ; Unsigned Binary                              ;
; E              ; 00100 ; Unsigned Binary                              ;
; F              ; 00101 ; Unsigned Binary                              ;
; G              ; 00110 ; Unsigned Binary                              ;
; H              ; 00111 ; Unsigned Binary                              ;
; I              ; 01000 ; Unsigned Binary                              ;
; J              ; 01001 ; Unsigned Binary                              ;
; K              ; 01010 ; Unsigned Binary                              ;
; L              ; 01011 ; Unsigned Binary                              ;
; M              ; 01100 ; Unsigned Binary                              ;
; N              ; 01101 ; Unsigned Binary                              ;
; O              ; 01110 ; Unsigned Binary                              ;
; P              ; 01111 ; Unsigned Binary                              ;
; Q              ; 10000 ; Unsigned Binary                              ;
; R              ; 10001 ; Unsigned Binary                              ;
; S              ; 10010 ; Unsigned Binary                              ;
; T              ; 10011 ; Unsigned Binary                              ;
; U              ; 10100 ; Unsigned Binary                              ;
+----------------+-------+----------------------------------------------+
Note: In order to hide this table in the UI and the text report file, please set the "Show Parameter Settings in Synthesis Report" option in "Analysis and Synthesis Settings -> More Settings" to "Off".


+----------------------------------------------------------------------------------------------------+
; Parameter Settings for User Entity Instance: TRISCRAMfall2020:inst|altsyncram:altsyncram_component ;
+------------------------------------+----------------------+----------------------------------------+
; Parameter Name                     ; Value                ; Type                                   ;
+------------------------------------+----------------------+----------------------------------------+
; BYTE_SIZE_BLOCK                    ; 8                    ; Untyped                                ;
; AUTO_CARRY_CHAINS                  ; ON                   ; AUTO_CARRY                             ;
; IGNORE_CARRY_BUFFERS               ; OFF                  ; IGNORE_CARRY                           ;
; AUTO_CASCADE_CHAINS                ; ON                   ; AUTO_CASCADE                           ;
; IGNORE_CASCADE_BUFFERS             ; OFF                  ; IGNORE_CASCADE                         ;
; WIDTH_BYTEENA                      ; 1                    ; Untyped                                ;
; OPERATION_MODE                     ; SINGLE_PORT          ; Untyped                                ;
; WIDTH_A                            ; 8                    ; Signed Integer                         ;
; WIDTHAD_A                          ; 4                    ; Signed Integer                         ;
; NUMWORDS_A                         ; 16                   ; Signed Integer                         ;
; OUTDATA_REG_A                      ; CLOCK0               ; Untyped                                ;
; ADDRESS_ACLR_A                     ; NONE                 ; Untyped                                ;
; OUTDATA_ACLR_A                     ; NONE                 ; Untyped                                ;
; WRCONTROL_ACLR_A                   ; NONE                 ; Untyped                                ;
; INDATA_ACLR_A                      ; NONE                 ; Untyped                                ;
; BYTEENA_ACLR_A                     ; NONE                 ; Untyped                                ;
; WIDTH_B                            ; 1                    ; Untyped                                ;
; WIDTHAD_B                          ; 1                    ; Untyped                                ;
; NUMWORDS_B                         ; 1                    ; Untyped                                ;
; INDATA_REG_B                       ; CLOCK1               ; Untyped                                ;
; WRCONTROL_WRADDRESS_REG_B          ; CLOCK1               ; Untyped                                ;
; RDCONTROL_REG_B                    ; CLOCK1               ; Untyped                                ;
; ADDRESS_REG_B                      ; CLOCK1               ; Untyped                                ;
; OUTDATA_REG_B                      ; UNREGISTERED         ; Untyped                                ;
; BYTEENA_REG_B                      ; CLOCK1               ; Untyped                                ;
; INDATA_ACLR_B                      ; NONE                 ; Untyped                                ;
; WRCONTROL_ACLR_B                   ; NONE                 ; Untyped                                ;
; ADDRESS_ACLR_B                     ; NONE                 ; Untyped                                ;
; OUTDATA_ACLR_B                     ; NONE                 ; Untyped                                ;
; RDCONTROL_ACLR_B                   ; NONE                 ; Untyped                                ;
; BYTEENA_ACLR_B                     ; NONE                 ; Untyped                                ;
; WIDTH_BYTEENA_A                    ; 1                    ; Signed Integer                         ;
; WIDTH_BYTEENA_B                    ; 1                    ; Untyped                                ;
; RAM_BLOCK_TYPE                     ; AUTO                 ; Untyped                                ;
; BYTE_SIZE                          ; 8                    ; Untyped                                ;
; READ_DURING_WRITE_MODE_MIXED_PORTS ; DONT_CARE            ; Untyped                                ;
; READ_DURING_WRITE_MODE_PORT_A      ; NEW_DATA_NO_NBE_READ ; Untyped                                ;
; READ_DURING_WRITE_MODE_PORT_B      ; NEW_DATA_NO_NBE_READ ; Untyped                                ;
; INIT_FILE                          ; TRISCRAMfall2020.mif ; Untyped                                ;
; INIT_FILE_LAYOUT                   ; PORT_A               ; Untyped                                ;
; MAXIMUM_DEPTH                      ; 0                    ; Untyped                                ;
; CLOCK_ENABLE_INPUT_A               ; BYPASS               ; Untyped                                ;
; CLOCK_ENABLE_INPUT_B               ; NORMAL               ; Untyped                                ;
; CLOCK_ENABLE_OUTPUT_A              ; BYPASS               ; Untyped                                ;
; CLOCK_ENABLE_OUTPUT_B              ; NORMAL               ; Untyped                                ;
; CLOCK_ENABLE_CORE_A                ; USE_INPUT_CLKEN      ; Untyped                                ;
; CLOCK_ENABLE_CORE_B                ; USE_INPUT_CLKEN      ; Untyped                                ;
; ENABLE_ECC                         ; FALSE                ; Untyped                                ;
; ECC_PIPELINE_STAGE_ENABLED         ; FALSE                ; Untyped                                ;
; WIDTH_ECCSTATUS                    ; 3                    ; Untyped                                ;
; DEVICE_FAMILY                      ; Cyclone II           ; Untyped                                ;
; CBXI_PARAMETER                     ; altsyncram_7vc1      ; Untyped                                ;
+------------------------------------+----------------------+----------------------------------------+
Note: In order to hide this table in the UI and the text report file, please set the "Show Parameter Settings in Synthesis Report" option in "Analysis and Synthesis Settings -> More Settings" to "Off".


+---------------------------------------------------------------------------------------------------+
; altsyncram Parameter Settings by Entity Instance                                                  ;
+-------------------------------------------+-------------------------------------------------------+
; Name                                      ; Value                                                 ;
+-------------------------------------------+-------------------------------------------------------+
; Number of entity instances                ; 1                                                     ;
; Entity Instance                           ; TRISCRAMfall2020:inst|altsyncram:altsyncram_component ;
;     -- OPERATION_MODE                     ; SINGLE_PORT                                           ;
;     -- WIDTH_A                            ; 8                                                     ;
;     -- NUMWORDS_A                         ; 16                                                    ;
;     -- OUTDATA_REG_A                      ; CLOCK0                                                ;
;     -- WIDTH_B                            ; 1                                                     ;
;     -- NUMWORDS_B                         ; 1                                                     ;
;     -- ADDRESS_REG_B                      ; CLOCK1                                                ;
;     -- OUTDATA_REG_B                      ; UNREGISTERED                                          ;
;     -- RAM_BLOCK_TYPE                     ; AUTO                                                  ;
;     -- READ_DURING_WRITE_MODE_MIXED_PORTS ; DONT_CARE                                             ;
+-------------------------------------------+-------------------------------------------------------+


+-------------------------------+
; Elapsed Time Per Partition    ;
+----------------+--------------+
; Partition Name ; Elapsed Time ;
+----------------+--------------+
; Top            ; 00:00:00     ;
+----------------+--------------+


+-------------------------------+
; Analysis & Synthesis Messages ;
+-------------------------------+
Info: *******************************************************************
Info: Running Quartus II 64-Bit Analysis & Synthesis
    Info: Version 13.0.1 Build 232 06/12/2013 Service Pack 1 SJ Web Edition
    Info: Processing started: Mon Nov 30 22:57:09 2020
Info: Command: quartus_map --read_settings_files=on --write_settings_files=off CSE2441Project -c CSE2441Project
Warning (20028): Parallel compilation is not licensed and has been disabled
Info (12021): Found 1 design units, including 1 entities, in source file /users/levi-ryzen/documents/quartus_ii/fourbitto7segdisplay/fourbitto7segdisplay.v
    Info (12023): Found entity 1: FourBitTo7SegDisplay
Info (12021): Found 1 design units, including 1 entities, in source file /users/levi-ryzen/documents/quartus_ii/fulladder/fulladder.bdf
    Info (12023): Found entity 1: FullAdder
Info (12021): Found 1 design units, including 1 entities, in source file /users/levi-ryzen/documents/quartus_ii/ripplecarryadder/ripplecarryadder.bdf
    Info (12023): Found entity 1: RippleCarryAdder
Info (12021): Found 1 design units, including 1 entities, in source file /users/levi-ryzen/documents/quartus_ii/addersubtractor/addersubtractor.bdf
    Info (12023): Found entity 1: AdderSubtractor
Info (12021): Found 1 design units, including 1 entities, in source file /users/levi-ryzen/documents/quartus_ii/id/id.v
    Info (12023): Found entity 1: ID
Info (12021): Found 1 design units, including 1 entities, in source file /users/levi-ryzen/documents/quartus_ii/addrselector/addrselector.bdf
    Info (12023): Found entity 1: AddrSelector
Info (12021): Found 1 design units, including 1 entities, in source file /users/levi-ryzen/documents/quartus_ii/pc/pc.bdf
    Info (12023): Found entity 1: PC
Info (12021): Found 1 design units, including 1 entities, in source file /users/levi-ryzen/documents/quartus_ii/4bitcounter/4bitcounter.bdf
    Info (12023): Found entity 1: 4BitCounter
Info (12021): Found 1 design units, including 1 entities, in source file /users/levi-ryzen/documents/quartus_ii/acc/acc.bdf
    Info (12023): Found entity 1: ACC
Info (12021): Found 1 design units, including 1 entities, in source file /users/levi-ryzen/documents/quartus_ii/br/br.bdf
    Info (12023): Found entity 1: BR
Info (12021): Found 1 design units, including 1 entities, in source file /users/levi-ryzen/documents/quartus_ii/4bitalu/4bitalu.bdf
    Info (12023): Found entity 1: 4BitALU
Info (12021): Found 1 design units, including 1 entities, in source file /users/levi-ryzen/documents/quartus_ii/registerpipo75/registerpipo75.bdf
    Info (12023): Found entity 1: RegisterPIPO75
Info (12021): Found 1 design units, including 1 entities, in source file /users/levi-ryzen/documents/quartus_ii/triscfsm1/triscfsm1.v
    Info (12023): Found entity 1: triscFSM1
Info (12021): Found 1 design units, including 1 entities, in source file /users/levi-ryzen/documents/quartus_ii/ir/ir.bdf
    Info (12023): Found entity 1: IR
Info (12021): Found 1 design units, including 1 entities, in source file /users/levi-ryzen/documents/quartus_ii/cu/cu.bdf
    Info (12023): Found entity 1: CU
Info (12021): Found 1 design units, including 1 entities, in source file /users/levi-ryzen/documents/quartus_ii/triscramfall2020/triscramfall2020.v
    Info (12023): Found entity 1: TRISCRAMfall2020
Info (12021): Found 1 design units, including 1 entities, in source file cse2441project.bdf
    Info (12023): Found entity 1: CSE2441Project
Info (12127): Elaborating entity "CSE2441Project" for the top level hierarchy
Warning (275085): Found inconsistent dimensions for element "Control"
Warning (275080): Converted elements in bus name "Control" using legacy naming rules. Make any assignments on the new names, not on the original names.
    Warning (275081): Converted element name(s) from "Control[0]" to "Control0"
    Warning (275081): Converted element name(s) from "Control[1]" to "Control1"
    Warning (275081): Converted element name(s) from "Control[2]" to "Control2"
    Warning (275081): Converted element name(s) from "Control[3]" to "Control3"
    Warning (275081): Converted element name(s) from "Control[4]" to "Control4"
    Warning (275081): Converted element name(s) from "Control[5]" to "Control5"
    Warning (275081): Converted element name(s) from "Control[7]" to "Control7"
    Warning (275081): Converted element name(s) from "Control[8]" to "Control8"
    Warning (275081): Converted element name(s) from "Control[9]" to "Control9"
    Warning (275081): Converted element name(s) from "Control[10]" to "Control10"
    Warning (275081): Converted element name(s) from "Control[11]" to "Control11"
    Warning (275081): Converted element name(s) from "Control[12]" to "Control12"
    Warning (275081): Converted element name(s) from "Control[13]" to "Control13"
    Warning (275081): Converted element name(s) from "Control[14]" to "Control14"
    Warning (275081): Converted element name(s) from "Control[7]" to "Control7"
    Warning (275081): Converted element name(s) from "Control[0]" to "Control0"
    Warning (275081): Converted element name(s) from "Control[1]" to "Control1"
    Warning (275081): Converted element name(s) from "Control[2]" to "Control2"
    Warning (275081): Converted element name(s) from "Control[3]" to "Control3"
    Warning (275081): Converted element name(s) from "Control[5]" to "Control5"
    Warning (275081): Converted element name(s) from "Control[4]" to "Control4"
    Warning (275081): Converted element name(s) from "Control[8]" to "Control8"
    Warning (275081): Converted element name(s) from "Control[9]" to "Control9"
    Warning (275081): Converted element name(s) from "Control[10]" to "Control10"
    Warning (275081): Converted element name(s) from "Control[11]" to "Control11"
    Warning (275081): Converted element name(s) from "Control[12]" to "Control12"
    Warning (275081): Converted element name(s) from "Control[13]" to "Control13"
    Warning (275081): Converted element name(s) from "Control[14]" to "Control14"
    Warning (275081): Converted element name(s) from "Control[0]" to "Control0"
Info (12128): Elaborating entity "CU" for hierarchy "CU:inst1"
Info (12128): Elaborating entity "triscFSM1" for hierarchy "CU:inst1|triscFSM1:inst2"
Warning (10240): Verilog HDL Always Construct warning at triscFSM1.v(10): inferring latch(es) for variable "nextstate", which holds its previous value in one or more paths through the always construct
Info (10041): Inferred latch for "nextstate.U" at triscFSM1.v(10)
Info (10041): Inferred latch for "nextstate.T" at triscFSM1.v(10)
Info (10041): Inferred latch for "nextstate.S" at triscFSM1.v(10)
Info (10041): Inferred latch for "nextstate.R" at triscFSM1.v(10)
Info (10041): Inferred latch for "nextstate.Q" at triscFSM1.v(10)
Info (10041): Inferred latch for "nextstate.P" at triscFSM1.v(10)
Info (10041): Inferred latch for "nextstate.O" at triscFSM1.v(10)
Info (10041): Inferred latch for "nextstate.N" at triscFSM1.v(10)
Info (10041): Inferred latch for "nextstate.M" at triscFSM1.v(10)
Info (10041): Inferred latch for "nextstate.L" at triscFSM1.v(10)
Info (10041): Inferred latch for "nextstate.K" at triscFSM1.v(10)
Info (10041): Inferred latch for "nextstate.J" at triscFSM1.v(10)
Info (10041): Inferred latch for "nextstate.I" at triscFSM1.v(10)
Info (10041): Inferred latch for "nextstate.H" at triscFSM1.v(10)
Info (10041): Inferred latch for "nextstate.G" at triscFSM1.v(10)
Info (10041): Inferred latch for "nextstate.F" at triscFSM1.v(10)
Info (10041): Inferred latch for "nextstate.E" at triscFSM1.v(10)
Info (10041): Inferred latch for "nextstate.D" at triscFSM1.v(10)
Info (10041): Inferred latch for "nextstate.C" at triscFSM1.v(10)
Info (10041): Inferred latch for "nextstate.B" at triscFSM1.v(10)
Info (10041): Inferred latch for "nextstate.A" at triscFSM1.v(10)
Info (12128): Elaborating entity "ID" for hierarchy "CU:inst1|ID:inst1"
Info (12128): Elaborating entity "IR" for hierarchy "IR:inst2"
Info (12128): Elaborating entity "RegisterPIPO75" for hierarchy "IR:inst2|RegisterPIPO75:inst"
Info (12128): Elaborating entity "74175" for hierarchy "IR:inst2|RegisterPIPO75:inst|74175:inst"
Info (12130): Elaborated megafunction instantiation "IR:inst2|RegisterPIPO75:inst|74175:inst"
Info (12128): Elaborating entity "TRISCRAMfall2020" for hierarchy "TRISCRAMfall2020:inst"
Info (12128): Elaborating entity "altsyncram" for hierarchy "TRISCRAMfall2020:inst|altsyncram:altsyncram_component"
Info (12130): Elaborated megafunction instantiation "TRISCRAMfall2020:inst|altsyncram:altsyncram_component"
Info (12133): Instantiated megafunction "TRISCRAMfall2020:inst|altsyncram:altsyncram_component" with the following parameter:
    Info (12134): Parameter "clock_enable_input_a" = "BYPASS"
    Info (12134): Parameter "clock_enable_output_a" = "BYPASS"
    Info (12134): Parameter "init_file" = "TRISCRAMfall2020.mif"
    Info (12134): Parameter "intended_device_family" = "Cyclone II"
    Info (12134): Parameter "lpm_hint" = "ENABLE_RUNTIME_MOD=NO"
    Info (12134): Parameter "lpm_type" = "altsyncram"
    Info (12134): Parameter "numwords_a" = "16"
    Info (12134): Parameter "operation_mode" = "SINGLE_PORT"
    Info (12134): Parameter "outdata_aclr_a" = "NONE"
    Info (12134): Parameter "outdata_reg_a" = "CLOCK0"
    Info (12134): Parameter "power_up_uninitialized" = "FALSE"
    Info (12134): Parameter "widthad_a" = "4"
    Info (12134): Parameter "width_a" = "8"
    Info (12134): Parameter "width_byteena_a" = "1"
Info (12021): Found 1 design units, including 1 entities, in source file db/altsyncram_7vc1.tdf
    Info (12023): Found entity 1: altsyncram_7vc1
Info (12128): Elaborating entity "altsyncram_7vc1" for hierarchy "TRISCRAMfall2020:inst|altsyncram:altsyncram_component|altsyncram_7vc1:auto_generated"
Info (12128): Elaborating entity "AddrSelector" for hierarchy "AddrSelector:inst7"
Info (12128): Elaborating entity "74157" for hierarchy "AddrSelector:inst7|74157:inst"
Info (12130): Elaborated megafunction instantiation "AddrSelector:inst7|74157:inst"
Info (12128): Elaborating entity "PC" for hierarchy "PC:inst6"
Info (12128): Elaborating entity "4BitCounter" for hierarchy "PC:inst6|4BitCounter:inst"
Info (12128): Elaborating entity "74193" for hierarchy "PC:inst6|4BitCounter:inst|74193:inst"
Info (12130): Elaborated megafunction instantiation "PC:inst6|4BitCounter:inst|74193:inst"
Info (12128): Elaborating entity "ACC" for hierarchy "ACC:inst5"
Info (12128): Elaborating entity "BR" for hierarchy "BR:inst4"
Info (12128): Elaborating entity "4BitALU" for hierarchy "4BitALU:inst3"
Info (12128): Elaborating entity "AdderSubtractor" for hierarchy "4BitALU:inst3|AdderSubtractor:inst"
Info (12128): Elaborating entity "RippleCarryAdder" for hierarchy "4BitALU:inst3|AdderSubtractor:inst|RippleCarryAdder:inst"
Info (12128): Elaborating entity "FullAdder" for hierarchy "4BitALU:inst3|AdderSubtractor:inst|RippleCarryAdder:inst|FullAdder:inst"
Info (12128): Elaborating entity "FourBitTo7SegDisplay" for hierarchy "FourBitTo7SegDisplay:inst11"
Warning (13004): Presettable and clearable registers converted to equivalent circuits with latches. Registers power-up to an undefined state, and DEVCLRn places the registers in an undefined state.
    Warning (13310): Register "PC:inst6|4BitCounter:inst|74193:inst|26" is converted into an equivalent circuit using register "PC:inst6|4BitCounter:inst|74193:inst|26~_emulated" and latch "PC:inst6|4BitCounter:inst|74193:inst|26~1"
    Warning (13310): Register "PC:inst6|4BitCounter:inst|74193:inst|25" is converted into an equivalent circuit using register "PC:inst6|4BitCounter:inst|74193:inst|25~_emulated" and latch "PC:inst6|4BitCounter:inst|74193:inst|25~1"
    Warning (13310): Register "PC:inst6|4BitCounter:inst|74193:inst|24" is converted into an equivalent circuit using register "PC:inst6|4BitCounter:inst|74193:inst|24~_emulated" and latch "PC:inst6|4BitCounter:inst|74193:inst|24~1"
    Warning (13310): Register "PC:inst6|4BitCounter:inst|74193:inst|23" is converted into an equivalent circuit using register "PC:inst6|4BitCounter:inst|74193:inst|23~_emulated" and latch "PC:inst6|4BitCounter:inst|74193:inst|23~1"
    Warning (13310): Register "ACC:inst5|4BitCounter:inst|74193:inst|26" is converted into an equivalent circuit using register "ACC:inst5|4BitCounter:inst|74193:inst|26~_emulated" and latch "ACC:inst5|4BitCounter:inst|74193:inst|26~1"
    Warning (13310): Register "ACC:inst5|4BitCounter:inst|74193:inst|25" is converted into an equivalent circuit using register "ACC:inst5|4BitCounter:inst|74193:inst|25~_emulated" and latch "ACC:inst5|4BitCounter:inst|74193:inst|25~1"
    Warning (13310): Register "ACC:inst5|4BitCounter:inst|74193:inst|24" is converted into an equivalent circuit using register "ACC:inst5|4BitCounter:inst|74193:inst|24~_emulated" and latch "ACC:inst5|4BitCounter:inst|74193:inst|24~1"
    Warning (13310): Register "ACC:inst5|4BitCounter:inst|74193:inst|23" is converted into an equivalent circuit using register "ACC:inst5|4BitCounter:inst|74193:inst|23~_emulated" and latch "ACC:inst5|4BitCounter:inst|74193:inst|23~1"
Warning (13024): Output pins are stuck at VCC or GND
    Warning (13410): Pin "C12" is stuck at GND
    Warning (13410): Pin "C13" is stuck at GND
Info (17049): 5 registers lost all their fanouts during netlist optimizations.
Info (16010): Generating hard_block partition "hard_block:auto_generated_inst"
    Info (16011): Adding 0 node(s), including 0 DDIO, 0 PLL, 0 transceiver and 0 LCELL
Info (21057): Implemented 223 device resources after synthesis - the final resource count might be different
    Info (21058): Implemented 2 input pins
    Info (21059): Implemented 42 output pins
    Info (21061): Implemented 171 logic cells
    Info (21064): Implemented 8 RAM segments
Info: Quartus II 64-Bit Analysis & Synthesis was successful. 0 errors, 45 warnings
    Info: Peak virtual memory: 4618 megabytes
    Info: Processing ended: Mon Nov 30 22:57:10 2020
    Info: Elapsed time: 00:00:01
    Info: Total CPU time (on all processors): 00:00:01


